{"C:\\Users\\kghor\\OneDrive\\Desktop\\Winter 2025\\SENG 401\\MealMatchers - SENG401\\ENSF401_Project\\frontend\\app\\login.tsx": {"path":"C:\\Users\\kghor\\OneDrive\\Desktop\\Winter 2025\\SENG 401\\MealMatchers - SENG401\\ENSF401_Project\\frontend\\app\\login.tsx","statementMap":{"0":{"start":{"line":9,"column":17},"end":{"line":9,"column":28}},"1":{"start":{"line":10,"column":28},"end":{"line":10,"column":40}},"2":{"start":{"line":11,"column":34},"end":{"line":11,"column":46}},"3":{"start":{"line":13,"column":22},"end":{"line":41,"column":3}},"4":{"start":{"line":14,"column":4},"end":{"line":40,"column":5}},"5":{"start":{"line":15,"column":23},"end":{"line":15,"column":37}},"6":{"start":{"line":16,"column":6},"end":{"line":16,"column":38}},"7":{"start":{"line":17,"column":6},"end":{"line":17,"column":44}},"8":{"start":{"line":19,"column":23},"end":{"line":25,"column":8}},"9":{"start":{"line":27,"column":19},"end":{"line":27,"column":40}},"10":{"start":{"line":29,"column":6},"end":{"line":37,"column":7}},"11":{"start":{"line":30,"column":8},"end":{"line":30,"column":55}},"12":{"start":{"line":31,"column":8},"end":{"line":31,"column":59}},"13":{"start":{"line":32,"column":8},"end":{"line":32,"column":65}},"14":{"start":{"line":33,"column":8},"end":{"line":33,"column":73}},"15":{"start":{"line":34,"column":8},"end":{"line":34,"column":39}},"16":{"start":{"line":36,"column":8},"end":{"line":36,"column":80}},"17":{"start":{"line":39,"column":6},"end":{"line":39,"column":78}},"18":{"start":{"line":43,"column":22},"end":{"line":51,"column":3}},"19":{"start":{"line":44,"column":4},"end":{"line":50,"column":5}},"20":{"start":{"line":45,"column":6},"end":{"line":45,"column":53}},"21":{"start":{"line":46,"column":6},"end":{"line":46,"column":74}},"22":{"start":{"line":47,"column":6},"end":{"line":47,"column":37}},"23":{"start":{"line":49,"column":6},"end":{"line":49,"column":79}},"24":{"start":{"line":53,"column":27},"end":{"line":55,"column":3}},"25":{"start":{"line":54,"column":4},"end":{"line":54,"column":32}},"26":{"start":{"line":57,"column":2},"end":{"line":121,"column":3}},"27":{"start":{"line":94,"column":69},"end":{"line":94,"column":93}},"28":{"start":{"line":107,"column":25},"end":{"line":107,"column":53}},"29":{"start":{"line":124,"column":15},"end":{"line":235,"column":2}}},"fnMap":{"0":{"name":"LoginScreen","decl":{"start":{"line":8,"column":24},"end":{"line":8,"column":35}},"loc":{"start":{"line":8,"column":38},"end":{"line":122,"column":1}},"line":8},"1":{"name":"(anonymous_1)","decl":{"start":{"line":13,"column":22},"end":{"line":13,"column":23}},"loc":{"start":{"line":13,"column":34},"end":{"line":41,"column":3}},"line":13},"2":{"name":"(anonymous_2)","decl":{"start":{"line":43,"column":22},"end":{"line":43,"column":23}},"loc":{"start":{"line":43,"column":34},"end":{"line":51,"column":3}},"line":43},"3":{"name":"(anonymous_3)","decl":{"start":{"line":53,"column":27},"end":{"line":53,"column":28}},"loc":{"start":{"line":53,"column":33},"end":{"line":55,"column":3}},"line":53},"4":{"name":"(anonymous_4)","decl":{"start":{"line":94,"column":63},"end":{"line":94,"column":64}},"loc":{"start":{"line":94,"column":69},"end":{"line":94,"column":93}},"line":94},"5":{"name":"(anonymous_5)","decl":{"start":{"line":107,"column":19},"end":{"line":107,"column":20}},"loc":{"start":{"line":107,"column":25},"end":{"line":107,"column":53}},"line":107}},"branchMap":{"0":{"loc":{"start":{"line":29,"column":6},"end":{"line":37,"column":7}},"type":"if","locations":[{"start":{"line":29,"column":6},"end":{"line":37,"column":7}},{"start":{"line":35,"column":13},"end":{"line":37,"column":7}}],"line":29},"1":{"loc":{"start":{"line":36,"column":35},"end":{"line":36,"column":78}},"type":"binary-expr","locations":[{"start":{"line":36,"column":35},"end":{"line":36,"column":47}},{"start":{"line":36,"column":51},"end":{"line":36,"column":78}}],"line":36},"2":{"loc":{"start":{"line":39,"column":35},"end":{"line":39,"column":76}},"type":"binary-expr","locations":[{"start":{"line":39,"column":35},"end":{"line":39,"column":48}},{"start":{"line":39,"column":52},"end":{"line":39,"column":76}}],"line":39},"3":{"loc":{"start":{"line":49,"column":12},"end":{"line":49,"column":77}},"type":"binary-expr","locations":[{"start":{"line":49,"column":12},"end":{"line":49,"column":25}},{"start":{"line":49,"column":29},"end":{"line":49,"column":77}}],"line":49}},"s":{"0":7,"1":7,"2":7,"3":7,"4":2,"5":2,"6":2,"7":2,"8":2,"9":2,"10":2,"11":1,"12":1,"13":1,"14":1,"15":1,"16":1,"17":0,"18":7,"19":0,"20":0,"21":0,"22":0,"23":0,"24":7,"25":1,"26":7,"27":0,"28":0,"29":1},"f":{"0":7,"1":2,"2":0,"3":1,"4":0,"5":0},"b":{"0":[1,1],"1":[1,0],"2":[0,0],"3":[0,0]},"_coverageSchema":"1a1c01bbd47fc00a2c39e90264f33305004495a9","hash":"01ab9451f86b5450ed423acd0c318bbc03247a61"}
,"C:\\Users\\kghor\\OneDrive\\Desktop\\Winter 2025\\SENG 401\\MealMatchers - SENG401\\ENSF401_Project\\frontend\\app\\register.tsx": {"path":"C:\\Users\\kghor\\OneDrive\\Desktop\\Winter 2025\\SENG 401\\MealMatchers - SENG401\\ENSF401_Project\\frontend\\app\\register.tsx","statementMap":{"0":{"start":{"line":9,"column":17},"end":{"line":9,"column":28}},"1":{"start":{"line":10,"column":28},"end":{"line":10,"column":40}},"2":{"start":{"line":11,"column":26},"end":{"line":11,"column":38}},"3":{"start":{"line":12,"column":34},"end":{"line":12,"column":46}},"4":{"start":{"line":14,"column":23},"end":{"line":17,"column":3}},"5":{"start":{"line":15,"column":20},"end":{"line":15,"column":46}},"6":{"start":{"line":16,"column":4},"end":{"line":16,"column":31}},"7":{"start":{"line":19,"column":25},"end":{"line":62,"column":3}},"8":{"start":{"line":20,"column":4},"end":{"line":23,"column":5}},"9":{"start":{"line":21,"column":6},"end":{"line":21,"column":59}},"10":{"start":{"line":22,"column":6},"end":{"line":22,"column":12}},"11":{"start":{"line":25,"column":4},"end":{"line":28,"column":5}},"12":{"start":{"line":26,"column":6},"end":{"line":26,"column":42}},"13":{"start":{"line":27,"column":6},"end":{"line":27,"column":12}},"14":{"start":{"line":30,"column":4},"end":{"line":33,"column":5}},"15":{"start":{"line":31,"column":6},"end":{"line":31,"column":65}},"16":{"start":{"line":32,"column":6},"end":{"line":32,"column":12}},"17":{"start":{"line":35,"column":4},"end":{"line":61,"column":5}},"18":{"start":{"line":36,"column":23},"end":{"line":36,"column":37}},"19":{"start":{"line":37,"column":6},"end":{"line":37,"column":37}},"20":{"start":{"line":38,"column":6},"end":{"line":38,"column":35}},"21":{"start":{"line":39,"column":6},"end":{"line":39,"column":43}},"22":{"start":{"line":41,"column":23},"end":{"line":47,"column":8}},"23":{"start":{"line":49,"column":19},"end":{"line":49,"column":40}},"24":{"start":{"line":50,"column":6},"end":{"line":50,"column":23}},"25":{"start":{"line":51,"column":6},"end":{"line":57,"column":7}},"26":{"start":{"line":52,"column":8},"end":{"line":52,"column":64}},"27":{"start":{"line":53,"column":8},"end":{"line":53,"column":59}},"28":{"start":{"line":54,"column":8},"end":{"line":54,"column":29}},"29":{"start":{"line":56,"column":8},"end":{"line":56,"column":58}},"30":{"start":{"line":59,"column":6},"end":{"line":59,"column":26}},"31":{"start":{"line":60,"column":6},"end":{"line":60,"column":84}},"32":{"start":{"line":64,"column":2},"end":{"line":113,"column":3}},"33":{"start":{"line":104,"column":68},"end":{"line":104,"column":89}},"34":{"start":{"line":116,"column":15},"end":{"line":208,"column":2}}},"fnMap":{"0":{"name":"RegisterScreen","decl":{"start":{"line":8,"column":24},"end":{"line":8,"column":38}},"loc":{"start":{"line":8,"column":41},"end":{"line":114,"column":1}},"line":8},"1":{"name":"(anonymous_1)","decl":{"start":{"line":14,"column":23},"end":{"line":14,"column":24}},"loc":{"start":{"line":14,"column":42},"end":{"line":17,"column":3}},"line":14},"2":{"name":"(anonymous_2)","decl":{"start":{"line":19,"column":25},"end":{"line":19,"column":26}},"loc":{"start":{"line":19,"column":37},"end":{"line":62,"column":3}},"line":19},"3":{"name":"(anonymous_3)","decl":{"start":{"line":104,"column":62},"end":{"line":104,"column":63}},"loc":{"start":{"line":104,"column":68},"end":{"line":104,"column":89}},"line":104}},"branchMap":{"0":{"loc":{"start":{"line":20,"column":4},"end":{"line":23,"column":5}},"type":"if","locations":[{"start":{"line":20,"column":4},"end":{"line":23,"column":5}},{"start":{},"end":{}}],"line":20},"1":{"loc":{"start":{"line":20,"column":8},"end":{"line":20,"column":36}},"type":"binary-expr","locations":[{"start":{"line":20,"column":8},"end":{"line":20,"column":14}},{"start":{"line":20,"column":18},"end":{"line":20,"column":27}},{"start":{"line":20,"column":31},"end":{"line":20,"column":36}}],"line":20},"2":{"loc":{"start":{"line":25,"column":4},"end":{"line":28,"column":5}},"type":"if","locations":[{"start":{"line":25,"column":4},"end":{"line":28,"column":5}},{"start":{},"end":{}}],"line":25},"3":{"loc":{"start":{"line":30,"column":4},"end":{"line":33,"column":5}},"type":"if","locations":[{"start":{"line":30,"column":4},"end":{"line":33,"column":5}},{"start":{},"end":{}}],"line":30},"4":{"loc":{"start":{"line":51,"column":6},"end":{"line":57,"column":7}},"type":"if","locations":[{"start":{"line":51,"column":6},"end":{"line":57,"column":7}},{"start":{"line":55,"column":13},"end":{"line":57,"column":7}}],"line":51},"5":{"loc":{"start":{"line":56,"column":20},"end":{"line":56,"column":57}},"type":"binary-expr","locations":[{"start":{"line":56,"column":20},"end":{"line":56,"column":32}},{"start":{"line":56,"column":36},"end":{"line":56,"column":57}}],"line":56},"6":{"loc":{"start":{"line":60,"column":18},"end":{"line":60,"column":83}},"type":"cond-expr","locations":[{"start":{"line":60,"column":43},"end":{"line":60,"column":56}},{"start":{"line":60,"column":59},"end":{"line":60,"column":83}}],"line":60}},"s":{"0":12,"1":12,"2":12,"3":12,"4":12,"5":3,"6":3,"7":12,"8":3,"9":0,"10":0,"11":3,"12":1,"13":1,"14":2,"15":1,"16":1,"17":1,"18":1,"19":1,"20":1,"21":1,"22":1,"23":1,"24":1,"25":1,"26":1,"27":1,"28":1,"29":0,"30":0,"31":0,"32":12,"33":0,"34":1},"f":{"0":12,"1":3,"2":3,"3":0},"b":{"0":[0,3],"1":[3,3,3],"2":[1,2],"3":[1,1],"4":[1,0],"5":[0,0],"6":[0,0]},"_coverageSchema":"1a1c01bbd47fc00a2c39e90264f33305004495a9","hash":"a1e8539ae2d2e760a510c79c895d476f44e003b1"}
,"C:\\Users\\kghor\\OneDrive\\Desktop\\Winter 2025\\SENG 401\\MealMatchers - SENG401\\ENSF401_Project\\frontend\\app\\(tabs)\\ingredients.tsx": {"path":"C:\\Users\\kghor\\OneDrive\\Desktop\\Winter 2025\\SENG 401\\MealMatchers - SENG401\\ENSF401_Project\\frontend\\app\\(tabs)\\ingredients.tsx","statementMap":{"0":{"start":{"line":7,"column":23},"end":{"line":160,"column":1}},"1":{"start":{"line":8,"column":2},"end":{"line":8,"column":52}},"2":{"start":{"line":10,"column":2},"end":{"line":159,"column":3}},"3":{"start":{"line":12,"column":20},"end":{"line":12,"column":54}},"4":{"start":{"line":13,"column":24},"end":{"line":13,"column":76}},"5":{"start":{"line":16,"column":4},"end":{"line":66,"column":5}},"6":{"start":{"line":17,"column":6},"end":{"line":17,"column":53}},"7":{"start":{"line":19,"column":6},"end":{"line":65,"column":8}},"8":{"start":{"line":69,"column":16},"end":{"line":69,"column":51}},"9":{"start":{"line":70,"column":4},"end":{"line":73,"column":5}},"10":{"start":{"line":71,"column":6},"end":{"line":71,"column":70}},"11":{"start":{"line":72,"column":6},"end":{"line":72,"column":49}},"12":{"start":{"line":75,"column":4},"end":{"line":77,"column":5}},"13":{"start":{"line":76,"column":6},"end":{"line":76,"column":33}},"14":{"start":{"line":79,"column":21},"end":{"line":79,"column":35}},"15":{"start":{"line":80,"column":4},"end":{"line":80,"column":48}},"16":{"start":{"line":82,"column":4},"end":{"line":82,"column":76}},"17":{"start":{"line":84,"column":19},"end":{"line":91,"column":6}},"18":{"start":{"line":93,"column":4},"end":{"line":100,"column":5}},"19":{"start":{"line":94,"column":6},"end":{"line":94,"column":76}},"20":{"start":{"line":95,"column":6},"end":{"line":98,"column":7}},"21":{"start":{"line":97,"column":8},"end":{"line":97,"column":67}},"22":{"start":{"line":99,"column":6},"end":{"line":99,"column":58}},"23":{"start":{"line":103,"column":15},"end":{"line":103,"column":36}},"24":{"start":{"line":104,"column":4},"end":{"line":104,"column":16}},"25":{"start":{"line":106,"column":4},"end":{"line":106,"column":51}},"26":{"start":{"line":109,"column":4},"end":{"line":158,"column":6}},"27":{"start":{"line":163,"column":40},"end":{"line":163,"column":52}},"28":{"start":{"line":164,"column":30},"end":{"line":164,"column":42}},"29":{"start":{"line":165,"column":36},"end":{"line":165,"column":51}},"30":{"start":{"line":167,"column":28},"end":{"line":195,"column":3}},"31":{"start":{"line":168,"column":4},"end":{"line":171,"column":5}},"32":{"start":{"line":169,"column":6},"end":{"line":169,"column":63}},"33":{"start":{"line":170,"column":6},"end":{"line":170,"column":13}},"34":{"start":{"line":173,"column":4},"end":{"line":173,"column":23}},"35":{"start":{"line":174,"column":4},"end":{"line":194,"column":5}},"36":{"start":{"line":176,"column":26},"end":{"line":176,"column":67}},"37":{"start":{"line":177,"column":19},"end":{"line":177,"column":52}},"38":{"start":{"line":179,"column":6},"end":{"line":182,"column":7}},"39":{"start":{"line":180,"column":8},"end":{"line":180,"column":41}},"40":{"start":{"line":181,"column":8},"end":{"line":181,"column":15}},"41":{"start":{"line":185,"column":6},"end":{"line":185,"column":88}},"42":{"start":{"line":188,"column":6},"end":{"line":188,"column":35}},"43":{"start":{"line":190,"column":6},"end":{"line":190,"column":56}},"44":{"start":{"line":191,"column":6},"end":{"line":191,"column":73}},"45":{"start":{"line":193,"column":6},"end":{"line":193,"column":26}},"46":{"start":{"line":197,"column":2},"end":{"line":244,"column":3}},"47":{"start":{"line":247,"column":15},"end":{"line":309,"column":2}}},"fnMap":{"0":{"name":"(anonymous_0)","decl":{"start":{"line":7,"column":23},"end":{"line":7,"column":24}},"loc":{"start":{"line":7,"column":54},"end":{"line":160,"column":1}},"line":7},"1":{"name":"IngredientsScreen","decl":{"start":{"line":162,"column":24},"end":{"line":162,"column":41}},"loc":{"start":{"line":162,"column":44},"end":{"line":245,"column":1}},"line":162},"2":{"name":"(anonymous_2)","decl":{"start":{"line":167,"column":28},"end":{"line":167,"column":29}},"loc":{"start":{"line":167,"column":40},"end":{"line":195,"column":3}},"line":167}},"branchMap":{"0":{"loc":{"start":{"line":13,"column":24},"end":{"line":13,"column":76}},"type":"cond-expr","locations":[{"start":{"line":13,"column":34},"end":{"line":13,"column":68}},{"start":{"line":13,"column":71},"end":{"line":13,"column":76}}],"line":13},"1":{"loc":{"start":{"line":16,"column":4},"end":{"line":66,"column":5}},"type":"if","locations":[{"start":{"line":16,"column":4},"end":{"line":66,"column":5}},{"start":{},"end":{}}],"line":16},"2":{"loc":{"start":{"line":70,"column":4},"end":{"line":73,"column":5}},"type":"if","locations":[{"start":{"line":70,"column":4},"end":{"line":73,"column":5}},{"start":{},"end":{}}],"line":70},"3":{"loc":{"start":{"line":75,"column":4},"end":{"line":77,"column":5}},"type":"if","locations":[{"start":{"line":75,"column":4},"end":{"line":77,"column":5}},{"start":{},"end":{}}],"line":75},"4":{"loc":{"start":{"line":75,"column":8},"end":{"line":75,"column":52}},"type":"binary-expr","locations":[{"start":{"line":75,"column":8},"end":{"line":75,"column":29}},{"start":{"line":75,"column":33},"end":{"line":75,"column":52}}],"line":75},"5":{"loc":{"start":{"line":93,"column":4},"end":{"line":100,"column":5}},"type":"if","locations":[{"start":{"line":93,"column":4},"end":{"line":100,"column":5}},{"start":{},"end":{}}],"line":93},"6":{"loc":{"start":{"line":95,"column":6},"end":{"line":98,"column":7}},"type":"if","locations":[{"start":{"line":95,"column":6},"end":{"line":98,"column":7}},{"start":{},"end":{}}],"line":95},"7":{"loc":{"start":{"line":95,"column":10},"end":{"line":95,"column":60}},"type":"binary-expr","locations":[{"start":{"line":95,"column":10},"end":{"line":95,"column":33}},{"start":{"line":95,"column":37},"end":{"line":95,"column":60}}],"line":95},"8":{"loc":{"start":{"line":168,"column":4},"end":{"line":171,"column":5}},"type":"if","locations":[{"start":{"line":168,"column":4},"end":{"line":171,"column":5}},{"start":{},"end":{}}],"line":168},"9":{"loc":{"start":{"line":168,"column":8},"end":{"line":168,"column":45}},"type":"binary-expr","locations":[{"start":{"line":168,"column":8},"end":{"line":168,"column":27}},{"start":{"line":168,"column":31},"end":{"line":168,"column":45}}],"line":168},"10":{"loc":{"start":{"line":176,"column":26},"end":{"line":176,"column":67}},"type":"cond-expr","locations":[{"start":{"line":176,"column":47},"end":{"line":176,"column":58}},{"start":{"line":176,"column":61},"end":{"line":176,"column":67}}],"line":176},"11":{"loc":{"start":{"line":179,"column":6},"end":{"line":182,"column":7}},"type":"if","locations":[{"start":{"line":179,"column":6},"end":{"line":182,"column":7}},{"start":{},"end":{}}],"line":179},"12":{"loc":{"start":{"line":185,"column":68},"end":{"line":185,"column":85}},"type":"binary-expr","locations":[{"start":{"line":185,"column":68},"end":{"line":185,"column":79}},{"start":{"line":185,"column":83},"end":{"line":185,"column":85}}],"line":185},"13":{"loc":{"start":{"line":232,"column":11},"end":{"line":236,"column":11}},"type":"cond-expr","locations":[{"start":{"line":233,"column":12},"end":{"line":233,"column":47}},{"start":{"line":235,"column":12},"end":{"line":235,"column":67}}],"line":232}},"s":{"0":1,"1":4,"2":4,"3":4,"4":4,"5":4,"6":2,"7":2,"8":2,"9":2,"10":0,"11":0,"12":2,"13":2,"14":2,"15":2,"16":2,"17":2,"18":2,"19":1,"20":1,"21":0,"22":1,"23":1,"24":1,"25":1,"26":1,"27":19,"28":18,"29":18,"30":18,"31":5,"32":1,"33":1,"34":4,"35":4,"36":4,"37":4,"38":4,"39":0,"40":0,"41":4,"42":4,"43":0,"44":0,"45":4,"46":18,"47":1},"f":{"0":4,"1":19,"2":5},"b":{"0":[4,0],"1":[2,2],"2":[0,2],"3":[2,0],"4":[2,2],"5":[1,1],"6":[0,1],"7":[1,1],"8":[1,4],"9":[5,1],"10":[4,0],"11":[0,4],"12":[4,0],"13":[4,14]},"_coverageSchema":"1a1c01bbd47fc00a2c39e90264f33305004495a9","hash":"2cda0e41c2350c6a382dfd0004cf6d781e7b7818"}
,"C:\\Users\\kghor\\OneDrive\\Desktop\\Winter 2025\\SENG 401\\MealMatchers - SENG401\\ENSF401_Project\\frontend\\app\\(tabs)\\mymeals.tsx": {"path":"C:\\Users\\kghor\\OneDrive\\Desktop\\Winter 2025\\SENG 401\\MealMatchers - SENG401\\ENSF401_Project\\frontend\\app\\(tabs)\\mymeals.tsx","statementMap":{"0":{"start":{"line":17,"column":42},"end":{"line":17,"column":64}},"1":{"start":{"line":18,"column":48},"end":{"line":18,"column":70}},"2":{"start":{"line":19,"column":36},"end":{"line":19,"column":50}},"3":{"start":{"line":20,"column":40},"end":{"line":20,"column":52}},"4":{"start":{"line":21,"column":36},"end":{"line":21,"column":57}},"5":{"start":{"line":22,"column":46},"end":{"line":22,"column":75}},"6":{"start":{"line":23,"column":42},"end":{"line":23,"column":57}},"7":{"start":{"line":25,"column":2},"end":{"line":27,"column":9}},"8":{"start":{"line":26,"column":4},"end":{"line":26,"column":23}},"9":{"start":{"line":29,"column":2},"end":{"line":40,"column":34}},"10":{"start":{"line":31,"column":4},"end":{"line":39,"column":5}},"11":{"start":{"line":32,"column":23},"end":{"line":35,"column":7}},"12":{"start":{"line":33,"column":8},"end":{"line":34,"column":93}},"13":{"start":{"line":34,"column":39},"end":{"line":34,"column":92}},"14":{"start":{"line":36,"column":6},"end":{"line":36,"column":35}},"15":{"start":{"line":38,"column":6},"end":{"line":38,"column":39}},"16":{"start":{"line":42,"column":27},"end":{"line":55,"column":3}},"17":{"start":{"line":43,"column":4},"end":{"line":54,"column":5}},"18":{"start":{"line":44,"column":24},"end":{"line":44,"column":66}},"19":{"start":{"line":45,"column":6},"end":{"line":49,"column":7}},"20":{"start":{"line":46,"column":24},"end":{"line":46,"column":45}},"21":{"start":{"line":47,"column":8},"end":{"line":47,"column":33}},"22":{"start":{"line":48,"column":8},"end":{"line":48,"column":36}},"23":{"start":{"line":51,"column":6},"end":{"line":51,"column":59}},"24":{"start":{"line":53,"column":6},"end":{"line":53,"column":26}},"25":{"start":{"line":57,"column":29},"end":{"line":65,"column":3}},"26":{"start":{"line":58,"column":4},"end":{"line":64,"column":5}},"27":{"start":{"line":59,"column":29},"end":{"line":59,"column":97}},"28":{"start":{"line":59,"column":59},"end":{"line":59,"column":96}},"29":{"start":{"line":60,"column":6},"end":{"line":60,"column":38}},"30":{"start":{"line":61,"column":6},"end":{"line":61,"column":81}},"31":{"start":{"line":63,"column":6},"end":{"line":63,"column":53}},"32":{"start":{"line":67,"column":27},"end":{"line":70,"column":3}},"33":{"start":{"line":68,"column":4},"end":{"line":68,"column":30}},"34":{"start":{"line":69,"column":4},"end":{"line":69,"column":26}},"35":{"start":{"line":72,"column":2},"end":{"line":81,"column":3}},"36":{"start":{"line":73,"column":4},"end":{"line":80,"column":6}},"37":{"start":{"line":83,"column":2},"end":{"line":199,"column":3}},"38":{"start":{"line":102,"column":25},"end":{"line":102,"column":50}},"39":{"start":{"line":112,"column":12},"end":{"line":142,"column":19}},"40":{"start":{"line":120,"column":18},"end":{"line":120,"column":85}},"41":{"start":{"line":129,"column":35},"end":{"line":129,"column":59}},"42":{"start":{"line":136,"column":35},"end":{"line":136,"column":61}},"43":{"start":{"line":152,"column":29},"end":{"line":152,"column":63}},"44":{"start":{"line":165,"column":30},"end":{"line":165,"column":52}},"45":{"start":{"line":171,"column":29},"end":{"line":171,"column":51}},"46":{"start":{"line":182,"column":18},"end":{"line":182,"column":90}},"47":{"start":{"line":187,"column":18},"end":{"line":189,"column":25}},"48":{"start":{"line":202,"column":15},"end":{"line":407,"column":2}}},"fnMap":{"0":{"name":"MyMealsScreen","decl":{"start":{"line":16,"column":24},"end":{"line":16,"column":37}},"loc":{"start":{"line":16,"column":40},"end":{"line":200,"column":1}},"line":16},"1":{"name":"(anonymous_1)","decl":{"start":{"line":25,"column":12},"end":{"line":25,"column":13}},"loc":{"start":{"line":25,"column":18},"end":{"line":27,"column":3}},"line":25},"2":{"name":"(anonymous_2)","decl":{"start":{"line":29,"column":12},"end":{"line":29,"column":13}},"loc":{"start":{"line":29,"column":18},"end":{"line":40,"column":3}},"line":29},"3":{"name":"(anonymous_3)","decl":{"start":{"line":32,"column":43},"end":{"line":32,"column":44}},"loc":{"start":{"line":33,"column":8},"end":{"line":34,"column":93}},"line":33},"4":{"name":"(anonymous_4)","decl":{"start":{"line":34,"column":32},"end":{"line":34,"column":33}},"loc":{"start":{"line":34,"column":39},"end":{"line":34,"column":92}},"line":34},"5":{"name":"(anonymous_5)","decl":{"start":{"line":42,"column":27},"end":{"line":42,"column":28}},"loc":{"start":{"line":42,"column":39},"end":{"line":55,"column":3}},"line":42},"6":{"name":"(anonymous_6)","decl":{"start":{"line":57,"column":29},"end":{"line":57,"column":30}},"loc":{"start":{"line":57,"column":63},"end":{"line":65,"column":3}},"line":57},"7":{"name":"(anonymous_7)","decl":{"start":{"line":59,"column":49},"end":{"line":59,"column":50}},"loc":{"start":{"line":59,"column":59},"end":{"line":59,"column":96}},"line":59},"8":{"name":"(anonymous_8)","decl":{"start":{"line":67,"column":27},"end":{"line":67,"column":28}},"loc":{"start":{"line":67,"column":47},"end":{"line":70,"column":3}},"line":67},"9":{"name":"(anonymous_9)","decl":{"start":{"line":102,"column":19},"end":{"line":102,"column":20}},"loc":{"start":{"line":102,"column":25},"end":{"line":102,"column":50}},"line":102},"10":{"name":"(anonymous_10)","decl":{"start":{"line":111,"column":30},"end":{"line":111,"column":31}},"loc":{"start":{"line":112,"column":12},"end":{"line":142,"column":19}},"line":112},"11":{"name":"(anonymous_11)","decl":{"start":{"line":119,"column":52},"end":{"line":119,"column":53}},"loc":{"start":{"line":120,"column":18},"end":{"line":120,"column":85}},"line":120},"12":{"name":"(anonymous_12)","decl":{"start":{"line":129,"column":29},"end":{"line":129,"column":30}},"loc":{"start":{"line":129,"column":35},"end":{"line":129,"column":59}},"line":129},"13":{"name":"(anonymous_13)","decl":{"start":{"line":136,"column":29},"end":{"line":136,"column":30}},"loc":{"start":{"line":136,"column":35},"end":{"line":136,"column":61}},"line":136},"14":{"name":"(anonymous_14)","decl":{"start":{"line":152,"column":23},"end":{"line":152,"column":24}},"loc":{"start":{"line":152,"column":29},"end":{"line":152,"column":63}},"line":152},"15":{"name":"(anonymous_15)","decl":{"start":{"line":165,"column":24},"end":{"line":165,"column":25}},"loc":{"start":{"line":165,"column":30},"end":{"line":165,"column":52}},"line":165},"16":{"name":"(anonymous_16)","decl":{"start":{"line":171,"column":23},"end":{"line":171,"column":24}},"loc":{"start":{"line":171,"column":29},"end":{"line":171,"column":51}},"line":171},"17":{"name":"(anonymous_17)","decl":{"start":{"line":181,"column":48},"end":{"line":181,"column":49}},"loc":{"start":{"line":182,"column":18},"end":{"line":182,"column":90}},"line":182},"18":{"name":"(anonymous_18)","decl":{"start":{"line":186,"column":49},"end":{"line":186,"column":50}},"loc":{"start":{"line":187,"column":18},"end":{"line":189,"column":25}},"line":187}},"branchMap":{"0":{"loc":{"start":{"line":31,"column":4},"end":{"line":39,"column":5}},"type":"if","locations":[{"start":{"line":31,"column":4},"end":{"line":39,"column":5}},{"start":{"line":37,"column":11},"end":{"line":39,"column":5}}],"line":31},"1":{"loc":{"start":{"line":33,"column":8},"end":{"line":34,"column":93}},"type":"binary-expr","locations":[{"start":{"line":33,"column":8},"end":{"line":33,"column":70}},{"start":{"line":34,"column":8},"end":{"line":34,"column":93}}],"line":33},"2":{"loc":{"start":{"line":45,"column":6},"end":{"line":49,"column":7}},"type":"if","locations":[{"start":{"line":45,"column":6},"end":{"line":49,"column":7}},{"start":{},"end":{}}],"line":45},"3":{"loc":{"start":{"line":72,"column":2},"end":{"line":81,"column":3}},"type":"if","locations":[{"start":{"line":72,"column":2},"end":{"line":81,"column":3}},{"start":{},"end":{}}],"line":72},"4":{"loc":{"start":{"line":101,"column":36},"end":{"line":101,"column":87}},"type":"binary-expr","locations":[{"start":{"line":101,"column":36},"end":{"line":101,"column":61}},{"start":{"line":101,"column":65},"end":{"line":101,"column":87}}],"line":101},"5":{"loc":{"start":{"line":104,"column":50},"end":{"line":104,"column":96}},"type":"cond-expr","locations":[{"start":{"line":104,"column":78},"end":{"line":104,"column":87}},{"start":{"line":104,"column":90},"end":{"line":104,"column":96}}],"line":104},"6":{"loc":{"start":{"line":105,"column":40},"end":{"line":105,"column":89}},"type":"binary-expr","locations":[{"start":{"line":105,"column":40},"end":{"line":105,"column":65}},{"start":{"line":105,"column":69},"end":{"line":105,"column":89}}],"line":105},"7":{"loc":{"start":{"line":110,"column":9},"end":{"line":157,"column":9}},"type":"cond-expr","locations":[{"start":{"line":111,"column":10},"end":{"line":143,"column":12}},{"start":{"line":145,"column":10},"end":{"line":156,"column":17}}],"line":110},"8":{"loc":{"start":{"line":122,"column":17},"end":{"line":124,"column":17}},"type":"binary-expr","locations":[{"start":{"line":122,"column":17},"end":{"line":122,"column":46}},{"start":{"line":123,"column":18},"end":{"line":123,"column":104}}],"line":122},"9":{"loc":{"start":{"line":148,"column":15},"end":{"line":148,"column":84}},"type":"cond-expr","locations":[{"start":{"line":148,"column":29},"end":{"line":148,"column":59}},{"start":{"line":148,"column":62},"end":{"line":148,"column":84}}],"line":148},"10":{"loc":{"start":{"line":176,"column":13},"end":{"line":194,"column":13}},"type":"binary-expr","locations":[{"start":{"line":176,"column":13},"end":{"line":176,"column":27}},{"start":{"line":177,"column":14},"end":{"line":193,"column":27}}],"line":176}},"s":{"0":25,"1":24,"2":24,"3":24,"4":24,"5":24,"6":24,"7":24,"8":6,"9":24,"10":11,"11":1,"12":2,"13":1,"14":1,"15":10,"16":24,"17":6,"18":6,"19":6,"20":3,"21":3,"22":3,"23":0,"24":6,"25":24,"26":1,"27":1,"28":2,"29":1,"30":1,"31":0,"32":24,"33":0,"34":0,"35":24,"36":12,"37":12,"38":0,"39":18,"40":18,"41":0,"42":1,"43":1,"44":0,"45":0,"46":0,"47":0,"48":1},"f":{"0":25,"1":6,"2":11,"3":2,"4":1,"5":6,"6":1,"7":2,"8":0,"9":0,"10":18,"11":18,"12":0,"13":1,"14":1,"15":0,"16":0,"17":0,"18":0},"b":{"0":[1,10],"1":[2,1],"2":[3,3],"3":[12,12],"4":[12,12],"5":[12,0],"6":[12,12],"7":[10,2],"8":[18,0],"9":[0,2],"10":[12,0]},"_coverageSchema":"1a1c01bbd47fc00a2c39e90264f33305004495a9","hash":"f1d2190ade849e7940d79b43919327db812e95dc"}
,"C:\\Users\\kghor\\OneDrive\\Desktop\\Winter 2025\\SENG 401\\MealMatchers - SENG401\\ENSF401_Project\\frontend\\app\\(tabs)\\profile.tsx": {"path":"C:\\Users\\kghor\\OneDrive\\Desktop\\Winter 2025\\SENG 401\\MealMatchers - SENG401\\ENSF401_Project\\frontend\\app\\(tabs)\\profile.tsx","statementMap":{"0":{"start":{"line":15,"column":34},"end":{"line":19,"column":17}},"1":{"start":{"line":20,"column":36},"end":{"line":20,"column":50}},"2":{"start":{"line":23,"column":26},"end":{"line":23,"column":56}},"3":{"start":{"line":24,"column":28},"end":{"line":24,"column":59}},"4":{"start":{"line":25,"column":34},"end":{"line":25,"column":46}},"5":{"start":{"line":26,"column":54},"end":{"line":26,"column":76}},"6":{"start":{"line":29,"column":36},"end":{"line":29,"column":51}},"7":{"start":{"line":31,"column":23},"end":{"line":55,"column":3}},"8":{"start":{"line":32,"column":4},"end":{"line":54,"column":5}},"9":{"start":{"line":34,"column":19},"end":{"line":34,"column":53}},"10":{"start":{"line":35,"column":6},"end":{"line":48,"column":7}},"11":{"start":{"line":36,"column":27},"end":{"line":36,"column":43}},"12":{"start":{"line":37,"column":8},"end":{"line":37,"column":32}},"13":{"start":{"line":40,"column":22},"end":{"line":40,"column":57}},"14":{"start":{"line":41,"column":8},"end":{"line":47,"column":9}},"15":{"start":{"line":43,"column":10},"end":{"line":43,"column":41}},"16":{"start":{"line":46,"column":10},"end":{"line":46,"column":39}},"17":{"start":{"line":50,"column":6},"end":{"line":50,"column":55}},"18":{"start":{"line":51,"column":6},"end":{"line":51,"column":35}},"19":{"start":{"line":53,"column":6},"end":{"line":53,"column":26}},"20":{"start":{"line":57,"column":2},"end":{"line":60,"column":9}},"21":{"start":{"line":59,"column":4},"end":{"line":59,"column":19}},"22":{"start":{"line":62,"column":23},"end":{"line":70,"column":3}},"23":{"start":{"line":63,"column":4},"end":{"line":69,"column":5}},"24":{"start":{"line":64,"column":6},"end":{"line":64,"column":33}},"25":{"start":{"line":65,"column":6},"end":{"line":65,"column":35}},"26":{"start":{"line":66,"column":6},"end":{"line":66,"column":31}},"27":{"start":{"line":68,"column":6},"end":{"line":68,"column":52}},"28":{"start":{"line":73,"column":34},"end":{"line":79,"column":3}},"29":{"start":{"line":74,"column":4},"end":{"line":78,"column":6}},"30":{"start":{"line":75,"column":6},"end":{"line":77,"column":31}},"31":{"start":{"line":76,"column":32},"end":{"line":76,"column":51}},"32":{"start":{"line":81,"column":28},"end":{"line":116,"column":3}},"33":{"start":{"line":82,"column":4},"end":{"line":115,"column":5}},"34":{"start":{"line":83,"column":29},"end":{"line":87,"column":7}},"35":{"start":{"line":89,"column":6},"end":{"line":107,"column":7}},"36":{"start":{"line":90,"column":25},"end":{"line":97,"column":10}},"37":{"start":{"line":98,"column":8},"end":{"line":100,"column":9}},"38":{"start":{"line":99,"column":10},"end":{"line":99,"column":64}},"39":{"start":{"line":101,"column":21},"end":{"line":101,"column":42}},"40":{"start":{"line":104,"column":8},"end":{"line":104,"column":65}},"41":{"start":{"line":106,"column":8},"end":{"line":106,"column":68}},"42":{"start":{"line":108,"column":6},"end":{"line":108,"column":45}},"43":{"start":{"line":109,"column":6},"end":{"line":109,"column":21}},"44":{"start":{"line":112,"column":6},"end":{"line":112,"column":26}},"45":{"start":{"line":114,"column":6},"end":{"line":114,"column":59}},"46":{"start":{"line":119,"column":2},"end":{"line":127,"column":3}},"47":{"start":{"line":120,"column":4},"end":{"line":126,"column":6}},"48":{"start":{"line":129,"column":2},"end":{"line":218,"column":4}},"49":{"start":{"line":153,"column":25},"end":{"line":153,"column":49}},"50":{"start":{"line":191,"column":29},"end":{"line":191,"column":66}},"51":{"start":{"line":221,"column":15},"end":{"line":340,"column":2}}},"fnMap":{"0":{"name":"ProfileScreen","decl":{"start":{"line":14,"column":24},"end":{"line":14,"column":37}},"loc":{"start":{"line":14,"column":40},"end":{"line":219,"column":1}},"line":14},"1":{"name":"(anonymous_1)","decl":{"start":{"line":31,"column":23},"end":{"line":31,"column":24}},"loc":{"start":{"line":31,"column":35},"end":{"line":55,"column":3}},"line":31},"2":{"name":"(anonymous_2)","decl":{"start":{"line":57,"column":12},"end":{"line":57,"column":13}},"loc":{"start":{"line":57,"column":18},"end":{"line":60,"column":3}},"line":57},"3":{"name":"(anonymous_3)","decl":{"start":{"line":62,"column":23},"end":{"line":62,"column":24}},"loc":{"start":{"line":62,"column":35},"end":{"line":70,"column":3}},"line":62},"4":{"name":"(anonymous_4)","decl":{"start":{"line":73,"column":34},"end":{"line":73,"column":35}},"loc":{"start":{"line":73,"column":58},"end":{"line":79,"column":3}},"line":73},"5":{"name":"(anonymous_5)","decl":{"start":{"line":74,"column":26},"end":{"line":74,"column":27}},"loc":{"start":{"line":75,"column":6},"end":{"line":77,"column":31}},"line":75},"6":{"name":"(anonymous_6)","decl":{"start":{"line":76,"column":22},"end":{"line":76,"column":23}},"loc":{"start":{"line":76,"column":32},"end":{"line":76,"column":51}},"line":76},"7":{"name":"(anonymous_7)","decl":{"start":{"line":81,"column":28},"end":{"line":81,"column":29}},"loc":{"start":{"line":81,"column":40},"end":{"line":116,"column":3}},"line":81},"8":{"name":"(anonymous_8)","decl":{"start":{"line":153,"column":19},"end":{"line":153,"column":20}},"loc":{"start":{"line":153,"column":25},"end":{"line":153,"column":49}},"line":153},"9":{"name":"(anonymous_9)","decl":{"start":{"line":191,"column":23},"end":{"line":191,"column":24}},"loc":{"start":{"line":191,"column":29},"end":{"line":191,"column":66}},"line":191}},"branchMap":{"0":{"loc":{"start":{"line":23,"column":35},"end":{"line":23,"column":55}},"type":"binary-expr","locations":[{"start":{"line":23,"column":35},"end":{"line":23,"column":49}},{"start":{"line":23,"column":53},"end":{"line":23,"column":55}}],"line":23},"1":{"loc":{"start":{"line":24,"column":37},"end":{"line":24,"column":58}},"type":"binary-expr","locations":[{"start":{"line":24,"column":37},"end":{"line":24,"column":52}},{"start":{"line":24,"column":56},"end":{"line":24,"column":58}}],"line":24},"2":{"loc":{"start":{"line":35,"column":6},"end":{"line":48,"column":7}},"type":"if","locations":[{"start":{"line":35,"column":6},"end":{"line":48,"column":7}},{"start":{"line":38,"column":13},"end":{"line":48,"column":7}}],"line":35},"3":{"loc":{"start":{"line":41,"column":8},"end":{"line":47,"column":9}},"type":"if","locations":[{"start":{"line":41,"column":8},"end":{"line":47,"column":9}},{"start":{"line":44,"column":15},"end":{"line":47,"column":9}}],"line":41},"4":{"loc":{"start":{"line":75,"column":6},"end":{"line":77,"column":31}},"type":"cond-expr","locations":[{"start":{"line":76,"column":10},"end":{"line":76,"column":52}},{"start":{"line":77,"column":10},"end":{"line":77,"column":31}}],"line":75},"5":{"loc":{"start":{"line":98,"column":8},"end":{"line":100,"column":9}},"type":"if","locations":[{"start":{"line":98,"column":8},"end":{"line":100,"column":9}},{"start":{},"end":{}}],"line":98},"6":{"loc":{"start":{"line":119,"column":2},"end":{"line":127,"column":3}},"type":"if","locations":[{"start":{"line":119,"column":2},"end":{"line":127,"column":3}},{"start":{},"end":{}}],"line":119},"7":{"loc":{"start":{"line":141,"column":11},"end":{"line":148,"column":11}},"type":"cond-expr","locations":[{"start":{"line":142,"column":12},"end":{"line":142,"column":67}},{"start":{"line":144,"column":12},"end":{"line":147,"column":15}}],"line":141},"8":{"loc":{"start":{"line":145,"column":45},"end":{"line":145,"column":69}},"type":"binary-expr","locations":[{"start":{"line":145,"column":45},"end":{"line":145,"column":59}},{"start":{"line":145,"column":63},"end":{"line":145,"column":69}}],"line":145},"9":{"loc":{"start":{"line":146,"column":46},"end":{"line":146,"column":67}},"type":"binary-expr","locations":[{"start":{"line":146,"column":46},"end":{"line":146,"column":61}},{"start":{"line":146,"column":65},"end":{"line":146,"column":67}}],"line":146},"10":{"loc":{"start":{"line":156,"column":13},"end":{"line":156,"column":52}},"type":"cond-expr","locations":[{"start":{"line":156,"column":25},"end":{"line":156,"column":33}},{"start":{"line":156,"column":36},"end":{"line":156,"column":52}}],"line":156},"11":{"loc":{"start":{"line":160,"column":9},"end":{"line":207,"column":9}},"type":"binary-expr","locations":[{"start":{"line":160,"column":9},"end":{"line":160,"column":18}},{"start":{"line":161,"column":10},"end":{"line":206,"column":17}}],"line":160},"12":{"loc":{"start":{"line":194,"column":17},"end":{"line":196,"column":36}},"type":"cond-expr","locations":[{"start":{"line":195,"column":20},"end":{"line":195,"column":39}},{"start":{"line":196,"column":20},"end":{"line":196,"column":36}}],"line":194}},"s":{"0":19,"1":18,"2":18,"3":18,"4":18,"5":18,"6":18,"7":18,"8":8,"9":8,"10":8,"11":3,"12":3,"13":5,"14":5,"15":0,"16":5,"17":0,"18":0,"19":8,"20":18,"21":7,"22":18,"23":1,"24":1,"25":1,"26":1,"27":0,"28":18,"29":0,"30":0,"31":0,"32":18,"33":1,"34":1,"35":1,"36":1,"37":1,"38":1,"39":0,"40":0,"41":1,"42":1,"43":1,"44":1,"45":0,"46":18,"47":7,"48":11,"49":2,"50":0,"51":1},"f":{"0":19,"1":8,"2":7,"3":1,"4":0,"5":0,"6":0,"7":1,"8":2,"9":0},"b":{"0":[18,11],"1":[18,11],"2":[3,5],"3":[0,5],"4":[0,0],"5":[1,0],"6":[7,11],"7":[4,7],"8":[7,0],"9":[7,0],"10":[4,7],"11":[11,4],"12":[0,4]},"_coverageSchema":"1a1c01bbd47fc00a2c39e90264f33305004495a9","hash":"8d5abc0ca721d00098355f6effa211ec507f29da"}
,"C:\\Users\\kghor\\OneDrive\\Desktop\\Winter 2025\\SENG 401\\MealMatchers - SENG401\\ENSF401_Project\\frontend\\app\\(tabs)\\swipe.tsx": {"path":"C:\\Users\\kghor\\OneDrive\\Desktop\\Winter 2025\\SENG 401\\MealMatchers - SENG401\\ENSF401_Project\\frontend\\app\\(tabs)\\swipe.tsx","statementMap":{"0":{"start":{"line":8,"column":21},"end":{"line":8,"column":51}},"1":{"start":{"line":9,"column":24},"end":{"line":9,"column":27}},"2":{"start":{"line":20,"column":32},"end":{"line":20,"column":54}},"3":{"start":{"line":21,"column":42},"end":{"line":21,"column":53}},"4":{"start":{"line":22,"column":42},"end":{"line":22,"column":64}},"5":{"start":{"line":23,"column":36},"end":{"line":23,"column":50}},"6":{"start":{"line":24,"column":19},"end":{"line":24,"column":57}},"7":{"start":{"line":25,"column":19},"end":{"line":29,"column":4}},"8":{"start":{"line":30,"column":17},"end":{"line":30,"column":28}},"9":{"start":{"line":32,"column":2},"end":{"line":70,"column":9}},"10":{"start":{"line":33,"column":21},"end":{"line":67,"column":5}},"11":{"start":{"line":34,"column":6},"end":{"line":66,"column":7}},"12":{"start":{"line":36,"column":28},"end":{"line":36,"column":74}},"13":{"start":{"line":37,"column":38},"end":{"line":37,"column":40}},"14":{"start":{"line":39,"column":8},"end":{"line":41,"column":9}},"15":{"start":{"line":40,"column":10},"end":{"line":40,"column":50}},"16":{"start":{"line":44,"column":8},"end":{"line":51,"column":9}},"17":{"start":{"line":45,"column":10},"end":{"line":45,"column":58}},"18":{"start":{"line":47,"column":10},"end":{"line":49,"column":13}},"19":{"start":{"line":48,"column":12},"end":{"line":48,"column":50}},"20":{"start":{"line":50,"column":10},"end":{"line":50,"column":17}},"21":{"start":{"line":53,"column":8},"end":{"line":53,"column":34}},"22":{"start":{"line":56,"column":26},"end":{"line":56,"column":68}},"23":{"start":{"line":57,"column":8},"end":{"line":59,"column":9}},"24":{"start":{"line":58,"column":10},"end":{"line":58,"column":49}},"25":{"start":{"line":61,"column":8},"end":{"line":61,"column":55}},"26":{"start":{"line":63,"column":8},"end":{"line":65,"column":11}},"27":{"start":{"line":64,"column":10},"end":{"line":64,"column":30}},"28":{"start":{"line":69,"column":4},"end":{"line":69,"column":15}},"29":{"start":{"line":72,"column":23},"end":{"line":86,"column":4}},"30":{"start":{"line":73,"column":40},"end":{"line":73,"column":44}},"31":{"start":{"line":75,"column":6},"end":{"line":75,"column":58}},"32":{"start":{"line":78,"column":6},"end":{"line":84,"column":7}},"33":{"start":{"line":79,"column":8},"end":{"line":79,"column":21}},"34":{"start":{"line":80,"column":13},"end":{"line":84,"column":7}},"35":{"start":{"line":81,"column":8},"end":{"line":81,"column":20}},"36":{"start":{"line":83,"column":8},"end":{"line":83,"column":24}},"37":{"start":{"line":88,"column":24},"end":{"line":94,"column":3}},"38":{"start":{"line":89,"column":4},"end":{"line":93,"column":15}},"39":{"start":{"line":96,"column":21},"end":{"line":113,"column":3}},"40":{"start":{"line":97,"column":4},"end":{"line":112,"column":5}},"41":{"start":{"line":98,"column":21},"end":{"line":98,"column":42}},"42":{"start":{"line":99,"column":30},"end":{"line":99,"column":55}},"43":{"start":{"line":100,"column":6},"end":{"line":100,"column":39}},"44":{"start":{"line":101,"column":6},"end":{"line":101,"column":76}},"45":{"start":{"line":102,"column":6},"end":{"line":102,"column":49}},"46":{"start":{"line":103,"column":6},"end":{"line":103,"column":57}},"47":{"start":{"line":105,"column":6},"end":{"line":111,"column":9}},"48":{"start":{"line":110,"column":8},"end":{"line":110,"column":19}},"49":{"start":{"line":115,"column":20},"end":{"line":129,"column":3}},"50":{"start":{"line":116,"column":4},"end":{"line":128,"column":5}},"51":{"start":{"line":117,"column":21},"end":{"line":117,"column":42}},"52":{"start":{"line":118,"column":6},"end":{"line":118,"column":53}},"53":{"start":{"line":119,"column":6},"end":{"line":119,"column":50}},"54":{"start":{"line":121,"column":6},"end":{"line":127,"column":9}},"55":{"start":{"line":126,"column":8},"end":{"line":126,"column":19}},"56":{"start":{"line":131,"column":19},"end":{"line":134,"column":3}},"57":{"start":{"line":132,"column":4},"end":{"line":132,"column":38}},"58":{"start":{"line":133,"column":4},"end":{"line":133,"column":38}},"59":{"start":{"line":136,"column":2},"end":{"line":143,"column":3}},"60":{"start":{"line":137,"column":4},"end":{"line":142,"column":6}},"61":{"start":{"line":146,"column":2},"end":{"line":173,"column":3}},"62":{"start":{"line":147,"column":4},"end":{"line":172,"column":6}},"63":{"start":{"line":157,"column":25},"end":{"line":157,"column":55}},"64":{"start":{"line":165,"column":25},"end":{"line":165,"column":59}},"65":{"start":{"line":175,"column":17},"end":{"line":175,"column":38}},"66":{"start":{"line":177,"column":2},"end":{"line":264,"column":4}},"67":{"start":{"line":184,"column":27},"end":{"line":184,"column":61}},"68":{"start":{"line":191,"column":27},"end":{"line":191,"column":57}},"69":{"start":{"line":224,"column":16},"end":{"line":226,"column":23}},"70":{"start":{"line":235,"column":16},"end":{"line":237,"column":23}},"71":{"start":{"line":258,"column":69},"end":{"line":258,"column":125}},"72":{"start":{"line":267,"column":15},"end":{"line":471,"column":2}}},"fnMap":{"0":{"name":"SwipeScreen","decl":{"start":{"line":19,"column":24},"end":{"line":19,"column":35}},"loc":{"start":{"line":19,"column":38},"end":{"line":265,"column":1}},"line":19},"1":{"name":"(anonymous_1)","decl":{"start":{"line":32,"column":12},"end":{"line":32,"column":13}},"loc":{"start":{"line":32,"column":18},"end":{"line":70,"column":3}},"line":32},"2":{"name":"(anonymous_2)","decl":{"start":{"line":33,"column":21},"end":{"line":33,"column":22}},"loc":{"start":{"line":33,"column":33},"end":{"line":67,"column":5}},"line":33},"3":{"name":"(anonymous_3)","decl":{"start":{"line":47,"column":14},"end":{"line":47,"column":15}},"loc":{"start":{"line":47,"column":20},"end":{"line":49,"column":11}},"line":47},"4":{"name":"(anonymous_4)","decl":{"start":{"line":63,"column":12},"end":{"line":63,"column":13}},"loc":{"start":{"line":63,"column":18},"end":{"line":65,"column":9}},"line":63},"5":{"name":"(anonymous_5)","decl":{"start":{"line":73,"column":34},"end":{"line":73,"column":35}},"loc":{"start":{"line":73,"column":40},"end":{"line":73,"column":44}},"line":73},"6":{"name":"(anonymous_6)","decl":{"start":{"line":74,"column":24},"end":{"line":74,"column":25}},"loc":{"start":{"line":74,"column":40},"end":{"line":76,"column":5}},"line":74},"7":{"name":"(anonymous_7)","decl":{"start":{"line":77,"column":27},"end":{"line":77,"column":28}},"loc":{"start":{"line":77,"column":43},"end":{"line":85,"column":5}},"line":77},"8":{"name":"(anonymous_8)","decl":{"start":{"line":88,"column":24},"end":{"line":88,"column":25}},"loc":{"start":{"line":88,"column":30},"end":{"line":94,"column":3}},"line":88},"9":{"name":"(anonymous_9)","decl":{"start":{"line":96,"column":21},"end":{"line":96,"column":22}},"loc":{"start":{"line":96,"column":27},"end":{"line":113,"column":3}},"line":96},"10":{"name":"(anonymous_10)","decl":{"start":{"line":109,"column":15},"end":{"line":109,"column":16}},"loc":{"start":{"line":109,"column":21},"end":{"line":111,"column":7}},"line":109},"11":{"name":"(anonymous_11)","decl":{"start":{"line":115,"column":20},"end":{"line":115,"column":21}},"loc":{"start":{"line":115,"column":26},"end":{"line":129,"column":3}},"line":115},"12":{"name":"(anonymous_12)","decl":{"start":{"line":125,"column":15},"end":{"line":125,"column":16}},"loc":{"start":{"line":125,"column":21},"end":{"line":127,"column":7}},"line":125},"13":{"name":"(anonymous_13)","decl":{"start":{"line":131,"column":19},"end":{"line":131,"column":20}},"loc":{"start":{"line":131,"column":25},"end":{"line":134,"column":3}},"line":131},"14":{"name":"(anonymous_14)","decl":{"start":{"line":157,"column":19},"end":{"line":157,"column":20}},"loc":{"start":{"line":157,"column":25},"end":{"line":157,"column":55}},"line":157},"15":{"name":"(anonymous_15)","decl":{"start":{"line":165,"column":19},"end":{"line":165,"column":20}},"loc":{"start":{"line":165,"column":25},"end":{"line":165,"column":59}},"line":165},"16":{"name":"(anonymous_16)","decl":{"start":{"line":184,"column":21},"end":{"line":184,"column":22}},"loc":{"start":{"line":184,"column":27},"end":{"line":184,"column":61}},"line":184},"17":{"name":"(anonymous_17)","decl":{"start":{"line":191,"column":21},"end":{"line":191,"column":22}},"loc":{"start":{"line":191,"column":27},"end":{"line":191,"column":57}},"line":191},"18":{"name":"(anonymous_18)","decl":{"start":{"line":223,"column":38},"end":{"line":223,"column":39}},"loc":{"start":{"line":224,"column":16},"end":{"line":226,"column":23}},"line":224},"19":{"name":"(anonymous_19)","decl":{"start":{"line":234,"column":39},"end":{"line":234,"column":40}},"loc":{"start":{"line":235,"column":16},"end":{"line":237,"column":23}},"line":235},"20":{"name":"(anonymous_20)","decl":{"start":{"line":258,"column":63},"end":{"line":258,"column":64}},"loc":{"start":{"line":258,"column":69},"end":{"line":258,"column":125}},"line":258}},"branchMap":{"0":{"loc":{"start":{"line":39,"column":8},"end":{"line":41,"column":9}},"type":"if","locations":[{"start":{"line":39,"column":8},"end":{"line":41,"column":9}},{"start":{},"end":{}}],"line":39},"1":{"loc":{"start":{"line":44,"column":8},"end":{"line":51,"column":9}},"type":"if","locations":[{"start":{"line":44,"column":8},"end":{"line":51,"column":9}},{"start":{},"end":{}}],"line":44},"2":{"loc":{"start":{"line":44,"column":12},"end":{"line":44,"column":56}},"type":"binary-expr","locations":[{"start":{"line":44,"column":12},"end":{"line":44,"column":26}},{"start":{"line":44,"column":30},"end":{"line":44,"column":56}}],"line":44},"3":{"loc":{"start":{"line":57,"column":8},"end":{"line":59,"column":9}},"type":"if","locations":[{"start":{"line":57,"column":8},"end":{"line":59,"column":9}},{"start":{},"end":{}}],"line":57},"4":{"loc":{"start":{"line":78,"column":6},"end":{"line":84,"column":7}},"type":"if","locations":[{"start":{"line":78,"column":6},"end":{"line":84,"column":7}},{"start":{"line":80,"column":13},"end":{"line":84,"column":7}}],"line":78},"5":{"loc":{"start":{"line":80,"column":13},"end":{"line":84,"column":7}},"type":"if","locations":[{"start":{"line":80,"column":13},"end":{"line":84,"column":7}},{"start":{"line":82,"column":13},"end":{"line":84,"column":7}}],"line":80},"6":{"loc":{"start":{"line":97,"column":4},"end":{"line":112,"column":5}},"type":"if","locations":[{"start":{"line":97,"column":4},"end":{"line":112,"column":5}},{"start":{},"end":{}}],"line":97},"7":{"loc":{"start":{"line":116,"column":4},"end":{"line":128,"column":5}},"type":"if","locations":[{"start":{"line":116,"column":4},"end":{"line":128,"column":5}},{"start":{},"end":{}}],"line":116},"8":{"loc":{"start":{"line":136,"column":2},"end":{"line":143,"column":3}},"type":"if","locations":[{"start":{"line":136,"column":2},"end":{"line":143,"column":3}},{"start":{},"end":{}}],"line":136},"9":{"loc":{"start":{"line":146,"column":2},"end":{"line":173,"column":3}},"type":"if","locations":[{"start":{"line":146,"column":2},"end":{"line":173,"column":3}},{"start":{},"end":{}}],"line":146}},"s":{"0":2,"1":2,"2":12,"3":11,"4":11,"5":11,"6":11,"7":11,"8":11,"9":11,"10":5,"11":5,"12":5,"13":5,"14":5,"15":4,"16":5,"17":1,"18":1,"19":1,"20":0,"21":4,"22":4,"23":4,"24":4,"25":1,"26":5,"27":5,"28":5,"29":11,"30":0,"31":0,"32":0,"33":0,"34":0,"35":0,"36":0,"37":11,"38":0,"39":11,"40":1,"41":1,"42":1,"43":1,"44":1,"45":1,"46":1,"47":1,"48":1,"49":11,"50":1,"51":1,"52":1,"53":1,"54":1,"55":1,"56":11,"57":2,"58":2,"59":11,"60":5,"61":6,"62":1,"63":0,"64":0,"65":5,"66":5,"67":0,"68":1,"69":5,"70":5,"71":1,"72":2},"f":{"0":12,"1":5,"2":5,"3":1,"4":5,"5":0,"6":0,"7":0,"8":0,"9":1,"10":1,"11":1,"12":1,"13":2,"14":0,"15":0,"16":0,"17":1,"18":5,"19":5,"20":1},"b":{"0":[4,1],"1":[1,4],"2":[5,5],"3":[4,0],"4":[0,0],"5":[0,0],"6":[1,0],"7":[1,0],"8":[5,6],"9":[1,5]},"_coverageSchema":"1a1c01bbd47fc00a2c39e90264f33305004495a9","hash":"79982ba79142c46656875a5c3cdc7ee2aa0a882d"}
}
