{"C:\\Users\\kghor\\OneDrive\\Desktop\\Winter 2025\\SENG 401\\MealMatchers - SENG401_FinalProject\\ENSF401_Project\\frontend\\app\\login.tsx": {"path":"C:\\Users\\kghor\\OneDrive\\Desktop\\Winter 2025\\SENG 401\\MealMatchers - SENG401_FinalProject\\ENSF401_Project\\frontend\\app\\login.tsx","statementMap":{"0":{"start":{"line":9,"column":17},"end":{"line":9,"column":28}},"1":{"start":{"line":10,"column":28},"end":{"line":10,"column":40}},"2":{"start":{"line":11,"column":34},"end":{"line":11,"column":46}},"3":{"start":{"line":12,"column":30},"end":{"line":12,"column":79}},"4":{"start":{"line":14,"column":23},"end":{"line":33,"column":3}},"5":{"start":{"line":15,"column":59},"end":{"line":15,"column":61}},"6":{"start":{"line":18,"column":4},"end":{"line":22,"column":5}},"7":{"start":{"line":19,"column":6},"end":{"line":19,"column":43}},"8":{"start":{"line":20,"column":11},"end":{"line":22,"column":5}},"9":{"start":{"line":21,"column":6},"end":{"line":21,"column":52}},"10":{"start":{"line":25,"column":4},"end":{"line":29,"column":5}},"11":{"start":{"line":26,"column":6},"end":{"line":26,"column":49}},"12":{"start":{"line":27,"column":11},"end":{"line":29,"column":5}},"13":{"start":{"line":28,"column":6},"end":{"line":28,"column":67}},"14":{"start":{"line":31,"column":4},"end":{"line":31,"column":24}},"15":{"start":{"line":32,"column":4},"end":{"line":32,"column":46}},"16":{"start":{"line":35,"column":22},"end":{"line":68,"column":3}},"17":{"start":{"line":36,"column":4},"end":{"line":38,"column":5}},"18":{"start":{"line":37,"column":6},"end":{"line":37,"column":12}},"19":{"start":{"line":40,"column":4},"end":{"line":67,"column":5}},"20":{"start":{"line":41,"column":23},"end":{"line":41,"column":37}},"21":{"start":{"line":42,"column":6},"end":{"line":42,"column":38}},"22":{"start":{"line":43,"column":6},"end":{"line":43,"column":44}},"23":{"start":{"line":45,"column":23},"end":{"line":51,"column":8}},"24":{"start":{"line":53,"column":19},"end":{"line":53,"column":40}},"25":{"start":{"line":55,"column":6},"end":{"line":63,"column":7}},"26":{"start":{"line":56,"column":8},"end":{"line":56,"column":55}},"27":{"start":{"line":57,"column":8},"end":{"line":57,"column":59}},"28":{"start":{"line":58,"column":8},"end":{"line":58,"column":65}},"29":{"start":{"line":59,"column":8},"end":{"line":59,"column":73}},"30":{"start":{"line":60,"column":8},"end":{"line":60,"column":39}},"31":{"start":{"line":62,"column":8},"end":{"line":62,"column":80}},"32":{"start":{"line":65,"column":27},"end":{"line":65,"column":116}},"33":{"start":{"line":66,"column":6},"end":{"line":66,"column":49}},"34":{"start":{"line":70,"column":22},"end":{"line":94,"column":3}},"35":{"start":{"line":71,"column":4},"end":{"line":93,"column":5}},"36":{"start":{"line":72,"column":23},"end":{"line":77,"column":8}},"37":{"start":{"line":79,"column":19},"end":{"line":79,"column":40}},"38":{"start":{"line":81,"column":6},"end":{"line":88,"column":7}},"39":{"start":{"line":82,"column":8},"end":{"line":82,"column":55}},"40":{"start":{"line":83,"column":8},"end":{"line":83,"column":59}},"41":{"start":{"line":84,"column":8},"end":{"line":84,"column":65}},"42":{"start":{"line":85,"column":8},"end":{"line":85,"column":39}},"43":{"start":{"line":87,"column":8},"end":{"line":87,"column":99}},"44":{"start":{"line":90,"column":6},"end":{"line":90,"column":37}},"45":{"start":{"line":92,"column":6},"end":{"line":92,"column":79}},"46":{"start":{"line":96,"column":2},"end":{"line":172,"column":3}},"47":{"start":{"line":115,"column":12},"end":{"line":115,"column":26}},"48":{"start":{"line":116,"column":12},"end":{"line":118,"column":13}},"49":{"start":{"line":117,"column":14},"end":{"line":117,"column":54}},"50":{"start":{"line":131,"column":12},"end":{"line":131,"column":29}},"51":{"start":{"line":132,"column":12},"end":{"line":134,"column":13}},"52":{"start":{"line":133,"column":14},"end":{"line":133,"column":57}},"53":{"start":{"line":145,"column":69},"end":{"line":145,"column":93}},"54":{"start":{"line":158,"column":25},"end":{"line":158,"column":53}},"55":{"start":{"line":175,"column":15},"end":{"line":296,"column":2}}},"fnMap":{"0":{"name":"LoginScreen","decl":{"start":{"line":8,"column":24},"end":{"line":8,"column":35}},"loc":{"start":{"line":8,"column":38},"end":{"line":173,"column":1}},"line":8},"1":{"name":"(anonymous_1)","decl":{"start":{"line":14,"column":23},"end":{"line":14,"column":24}},"loc":{"start":{"line":14,"column":29},"end":{"line":33,"column":3}},"line":14},"2":{"name":"(anonymous_2)","decl":{"start":{"line":35,"column":22},"end":{"line":35,"column":23}},"loc":{"start":{"line":35,"column":34},"end":{"line":68,"column":3}},"line":35},"3":{"name":"(anonymous_3)","decl":{"start":{"line":70,"column":22},"end":{"line":70,"column":23}},"loc":{"start":{"line":70,"column":34},"end":{"line":94,"column":3}},"line":70},"4":{"name":"(anonymous_4)","decl":{"start":{"line":114,"column":24},"end":{"line":114,"column":25}},"loc":{"start":{"line":114,"column":34},"end":{"line":119,"column":11}},"line":114},"5":{"name":"(anonymous_5)","decl":{"start":{"line":130,"column":24},"end":{"line":130,"column":25}},"loc":{"start":{"line":130,"column":34},"end":{"line":135,"column":11}},"line":130},"6":{"name":"(anonymous_6)","decl":{"start":{"line":145,"column":63},"end":{"line":145,"column":64}},"loc":{"start":{"line":145,"column":69},"end":{"line":145,"column":93}},"line":145},"7":{"name":"(anonymous_7)","decl":{"start":{"line":158,"column":19},"end":{"line":158,"column":20}},"loc":{"start":{"line":158,"column":25},"end":{"line":158,"column":53}},"line":158}},"branchMap":{"0":{"loc":{"start":{"line":18,"column":4},"end":{"line":22,"column":5}},"type":"if","locations":[{"start":{"line":18,"column":4},"end":{"line":22,"column":5}},{"start":{"line":20,"column":11},"end":{"line":22,"column":5}}],"line":18},"1":{"loc":{"start":{"line":20,"column":11},"end":{"line":22,"column":5}},"type":"if","locations":[{"start":{"line":20,"column":11},"end":{"line":22,"column":5}},{"start":{},"end":{}}],"line":20},"2":{"loc":{"start":{"line":25,"column":4},"end":{"line":29,"column":5}},"type":"if","locations":[{"start":{"line":25,"column":4},"end":{"line":29,"column":5}},{"start":{"line":27,"column":11},"end":{"line":29,"column":5}}],"line":25},"3":{"loc":{"start":{"line":27,"column":11},"end":{"line":29,"column":5}},"type":"if","locations":[{"start":{"line":27,"column":11},"end":{"line":29,"column":5}},{"start":{},"end":{}}],"line":27},"4":{"loc":{"start":{"line":36,"column":4},"end":{"line":38,"column":5}},"type":"if","locations":[{"start":{"line":36,"column":4},"end":{"line":38,"column":5}},{"start":{},"end":{}}],"line":36},"5":{"loc":{"start":{"line":55,"column":6},"end":{"line":63,"column":7}},"type":"if","locations":[{"start":{"line":55,"column":6},"end":{"line":63,"column":7}},{"start":{"line":61,"column":13},"end":{"line":63,"column":7}}],"line":55},"6":{"loc":{"start":{"line":62,"column":35},"end":{"line":62,"column":78}},"type":"binary-expr","locations":[{"start":{"line":62,"column":35},"end":{"line":62,"column":47}},{"start":{"line":62,"column":51},"end":{"line":62,"column":78}}],"line":62},"7":{"loc":{"start":{"line":65,"column":27},"end":{"line":65,"column":116}},"type":"binary-expr","locations":[{"start":{"line":65,"column":27},"end":{"line":65,"column":41}},{"start":{"line":65,"column":45},"end":{"line":65,"column":116}}],"line":65},"8":{"loc":{"start":{"line":81,"column":6},"end":{"line":88,"column":7}},"type":"if","locations":[{"start":{"line":81,"column":6},"end":{"line":88,"column":7}},{"start":{"line":86,"column":13},"end":{"line":88,"column":7}}],"line":81},"9":{"loc":{"start":{"line":87,"column":14},"end":{"line":87,"column":97}},"type":"binary-expr","locations":[{"start":{"line":87,"column":14},"end":{"line":87,"column":26}},{"start":{"line":87,"column":30},"end":{"line":87,"column":97}}],"line":87},"10":{"loc":{"start":{"line":92,"column":12},"end":{"line":92,"column":77}},"type":"binary-expr","locations":[{"start":{"line":92,"column":12},"end":{"line":92,"column":25}},{"start":{"line":92,"column":29},"end":{"line":92,"column":77}}],"line":92},"11":{"loc":{"start":{"line":111,"column":32},"end":{"line":111,"column":71}},"type":"cond-expr","locations":[{"start":{"line":111,"column":47},"end":{"line":111,"column":64}},{"start":{"line":111,"column":67},"end":{"line":111,"column":71}}],"line":111},"12":{"loc":{"start":{"line":116,"column":12},"end":{"line":118,"column":13}},"type":"if","locations":[{"start":{"line":116,"column":12},"end":{"line":118,"column":13}},{"start":{},"end":{}}],"line":116},"13":{"loc":{"start":{"line":123,"column":9},"end":{"line":123,"column":83}},"type":"cond-expr","locations":[{"start":{"line":123,"column":24},"end":{"line":123,"column":76}},{"start":{"line":123,"column":79},"end":{"line":123,"column":83}}],"line":123},"14":{"loc":{"start":{"line":126,"column":32},"end":{"line":126,"column":74}},"type":"cond-expr","locations":[{"start":{"line":126,"column":50},"end":{"line":126,"column":67}},{"start":{"line":126,"column":70},"end":{"line":126,"column":74}}],"line":126},"15":{"loc":{"start":{"line":132,"column":12},"end":{"line":134,"column":13}},"type":"if","locations":[{"start":{"line":132,"column":12},"end":{"line":134,"column":13}},{"start":{},"end":{}}],"line":132},"16":{"loc":{"start":{"line":137,"column":9},"end":{"line":137,"column":89}},"type":"cond-expr","locations":[{"start":{"line":137,"column":27},"end":{"line":137,"column":82}},{"start":{"line":137,"column":85},"end":{"line":137,"column":89}}],"line":137}},"s":{"0":24,"1":24,"2":24,"3":24,"4":24,"5":6,"6":6,"7":1,"8":5,"9":1,"10":6,"11":1,"12":5,"13":0,"14":6,"15":6,"16":24,"17":6,"18":3,"19":3,"20":3,"21":3,"22":3,"23":3,"24":2,"25":2,"26":1,"27":1,"28":1,"29":1,"30":1,"31":1,"32":1,"33":1,"34":24,"35":1,"36":1,"37":1,"38":1,"39":0,"40":0,"41":0,"42":0,"43":1,"44":1,"45":0,"46":24,"47":6,"48":6,"49":0,"50":6,"51":6,"52":0,"53":0,"54":0,"55":1},"f":{"0":24,"1":6,"2":6,"3":1,"4":6,"5":6,"6":0,"7":0},"b":{"0":[1,5],"1":[1,4],"2":[1,5],"3":[0,5],"4":[3,3],"5":[1,1],"6":[1,0],"7":[1,0],"8":[0,1],"9":[1,0],"10":[0,0],"11":[2,22],"12":[0,6],"13":[2,22],"14":[1,23],"15":[0,6],"16":[1,23]},"_coverageSchema":"1a1c01bbd47fc00a2c39e90264f33305004495a9","hash":"732ce46fd4da3fdac0c266dfa60662292928dbec"}
,"C:\\Users\\kghor\\OneDrive\\Desktop\\Winter 2025\\SENG 401\\MealMatchers - SENG401_FinalProject\\ENSF401_Project\\frontend\\app\\register.tsx": {"path":"C:\\Users\\kghor\\OneDrive\\Desktop\\Winter 2025\\SENG 401\\MealMatchers - SENG401_FinalProject\\ENSF401_Project\\frontend\\app\\register.tsx","statementMap":{"0":{"start":{"line":9,"column":17},"end":{"line":9,"column":28}},"1":{"start":{"line":10,"column":28},"end":{"line":10,"column":40}},"2":{"start":{"line":11,"column":26},"end":{"line":11,"column":38}},"3":{"start":{"line":12,"column":34},"end":{"line":12,"column":46}},"4":{"start":{"line":13,"column":30},"end":{"line":13,"column":94}},"5":{"start":{"line":15,"column":23},"end":{"line":41,"column":3}},"6":{"start":{"line":16,"column":74},"end":{"line":16,"column":76}},"7":{"start":{"line":19,"column":4},"end":{"line":23,"column":5}},"8":{"start":{"line":20,"column":6},"end":{"line":20,"column":43}},"9":{"start":{"line":21,"column":11},"end":{"line":23,"column":5}},"10":{"start":{"line":22,"column":6},"end":{"line":22,"column":52}},"11":{"start":{"line":26,"column":4},"end":{"line":30,"column":5}},"12":{"start":{"line":27,"column":6},"end":{"line":27,"column":41}},"13":{"start":{"line":28,"column":11},"end":{"line":30,"column":5}},"14":{"start":{"line":29,"column":6},"end":{"line":29,"column":59}},"15":{"start":{"line":33,"column":4},"end":{"line":37,"column":5}},"16":{"start":{"line":34,"column":6},"end":{"line":34,"column":49}},"17":{"start":{"line":35,"column":11},"end":{"line":37,"column":5}},"18":{"start":{"line":36,"column":6},"end":{"line":36,"column":67}},"19":{"start":{"line":39,"column":4},"end":{"line":39,"column":24}},"20":{"start":{"line":40,"column":4},"end":{"line":40,"column":46}},"21":{"start":{"line":43,"column":25},"end":{"line":75,"column":3}},"22":{"start":{"line":44,"column":4},"end":{"line":46,"column":5}},"23":{"start":{"line":45,"column":6},"end":{"line":45,"column":12}},"24":{"start":{"line":48,"column":4},"end":{"line":74,"column":5}},"25":{"start":{"line":49,"column":23},"end":{"line":49,"column":37}},"26":{"start":{"line":50,"column":6},"end":{"line":50,"column":37}},"27":{"start":{"line":51,"column":6},"end":{"line":51,"column":35}},"28":{"start":{"line":52,"column":6},"end":{"line":52,"column":43}},"29":{"start":{"line":54,"column":23},"end":{"line":60,"column":8}},"30":{"start":{"line":62,"column":19},"end":{"line":62,"column":40}},"31":{"start":{"line":63,"column":6},"end":{"line":63,"column":23}},"32":{"start":{"line":64,"column":6},"end":{"line":70,"column":7}},"33":{"start":{"line":65,"column":8},"end":{"line":65,"column":64}},"34":{"start":{"line":66,"column":8},"end":{"line":66,"column":59}},"35":{"start":{"line":67,"column":8},"end":{"line":67,"column":29}},"36":{"start":{"line":69,"column":8},"end":{"line":69,"column":58}},"37":{"start":{"line":72,"column":6},"end":{"line":72,"column":26}},"38":{"start":{"line":73,"column":6},"end":{"line":73,"column":84}},"39":{"start":{"line":77,"column":2},"end":{"line":149,"column":3}},"40":{"start":{"line":97,"column":12},"end":{"line":97,"column":26}},"41":{"start":{"line":98,"column":12},"end":{"line":100,"column":13}},"42":{"start":{"line":99,"column":14},"end":{"line":99,"column":54}},"43":{"start":{"line":112,"column":12},"end":{"line":112,"column":25}},"44":{"start":{"line":113,"column":12},"end":{"line":115,"column":13}},"45":{"start":{"line":114,"column":14},"end":{"line":114,"column":53}},"46":{"start":{"line":126,"column":12},"end":{"line":126,"column":29}},"47":{"start":{"line":127,"column":12},"end":{"line":129,"column":13}},"48":{"start":{"line":128,"column":14},"end":{"line":128,"column":57}},"49":{"start":{"line":140,"column":68},"end":{"line":140,"column":89}},"50":{"start":{"line":152,"column":15},"end":{"line":254,"column":2}}},"fnMap":{"0":{"name":"RegisterScreen","decl":{"start":{"line":8,"column":24},"end":{"line":8,"column":38}},"loc":{"start":{"line":8,"column":41},"end":{"line":150,"column":1}},"line":8},"1":{"name":"(anonymous_1)","decl":{"start":{"line":15,"column":23},"end":{"line":15,"column":24}},"loc":{"start":{"line":15,"column":29},"end":{"line":41,"column":3}},"line":15},"2":{"name":"(anonymous_2)","decl":{"start":{"line":43,"column":25},"end":{"line":43,"column":26}},"loc":{"start":{"line":43,"column":37},"end":{"line":75,"column":3}},"line":43},"3":{"name":"(anonymous_3)","decl":{"start":{"line":96,"column":24},"end":{"line":96,"column":25}},"loc":{"start":{"line":96,"column":34},"end":{"line":101,"column":11}},"line":96},"4":{"name":"(anonymous_4)","decl":{"start":{"line":111,"column":24},"end":{"line":111,"column":25}},"loc":{"start":{"line":111,"column":34},"end":{"line":116,"column":11}},"line":111},"5":{"name":"(anonymous_5)","decl":{"start":{"line":125,"column":24},"end":{"line":125,"column":25}},"loc":{"start":{"line":125,"column":34},"end":{"line":130,"column":11}},"line":125},"6":{"name":"(anonymous_6)","decl":{"start":{"line":140,"column":62},"end":{"line":140,"column":63}},"loc":{"start":{"line":140,"column":68},"end":{"line":140,"column":89}},"line":140}},"branchMap":{"0":{"loc":{"start":{"line":19,"column":4},"end":{"line":23,"column":5}},"type":"if","locations":[{"start":{"line":19,"column":4},"end":{"line":23,"column":5}},{"start":{"line":21,"column":11},"end":{"line":23,"column":5}}],"line":19},"1":{"loc":{"start":{"line":21,"column":11},"end":{"line":23,"column":5}},"type":"if","locations":[{"start":{"line":21,"column":11},"end":{"line":23,"column":5}},{"start":{},"end":{}}],"line":21},"2":{"loc":{"start":{"line":26,"column":4},"end":{"line":30,"column":5}},"type":"if","locations":[{"start":{"line":26,"column":4},"end":{"line":30,"column":5}},{"start":{"line":28,"column":11},"end":{"line":30,"column":5}}],"line":26},"3":{"loc":{"start":{"line":28,"column":11},"end":{"line":30,"column":5}},"type":"if","locations":[{"start":{"line":28,"column":11},"end":{"line":30,"column":5}},{"start":{},"end":{}}],"line":28},"4":{"loc":{"start":{"line":33,"column":4},"end":{"line":37,"column":5}},"type":"if","locations":[{"start":{"line":33,"column":4},"end":{"line":37,"column":5}},{"start":{"line":35,"column":11},"end":{"line":37,"column":5}}],"line":33},"5":{"loc":{"start":{"line":35,"column":11},"end":{"line":37,"column":5}},"type":"if","locations":[{"start":{"line":35,"column":11},"end":{"line":37,"column":5}},{"start":{},"end":{}}],"line":35},"6":{"loc":{"start":{"line":44,"column":4},"end":{"line":46,"column":5}},"type":"if","locations":[{"start":{"line":44,"column":4},"end":{"line":46,"column":5}},{"start":{},"end":{}}],"line":44},"7":{"loc":{"start":{"line":64,"column":6},"end":{"line":70,"column":7}},"type":"if","locations":[{"start":{"line":64,"column":6},"end":{"line":70,"column":7}},{"start":{"line":68,"column":13},"end":{"line":70,"column":7}}],"line":64},"8":{"loc":{"start":{"line":69,"column":20},"end":{"line":69,"column":57}},"type":"binary-expr","locations":[{"start":{"line":69,"column":20},"end":{"line":69,"column":32}},{"start":{"line":69,"column":36},"end":{"line":69,"column":57}}],"line":69},"9":{"loc":{"start":{"line":73,"column":18},"end":{"line":73,"column":83}},"type":"cond-expr","locations":[{"start":{"line":73,"column":43},"end":{"line":73,"column":56}},{"start":{"line":73,"column":59},"end":{"line":73,"column":83}}],"line":73},"10":{"loc":{"start":{"line":93,"column":32},"end":{"line":93,"column":71}},"type":"cond-expr","locations":[{"start":{"line":93,"column":47},"end":{"line":93,"column":64}},{"start":{"line":93,"column":67},"end":{"line":93,"column":71}}],"line":93},"11":{"loc":{"start":{"line":98,"column":12},"end":{"line":100,"column":13}},"type":"if","locations":[{"start":{"line":98,"column":12},"end":{"line":100,"column":13}},{"start":{},"end":{}}],"line":98},"12":{"loc":{"start":{"line":105,"column":9},"end":{"line":105,"column":83}},"type":"cond-expr","locations":[{"start":{"line":105,"column":24},"end":{"line":105,"column":76}},{"start":{"line":105,"column":79},"end":{"line":105,"column":83}}],"line":105},"13":{"loc":{"start":{"line":108,"column":32},"end":{"line":108,"column":70}},"type":"cond-expr","locations":[{"start":{"line":108,"column":46},"end":{"line":108,"column":63}},{"start":{"line":108,"column":66},"end":{"line":108,"column":70}}],"line":108},"14":{"loc":{"start":{"line":113,"column":12},"end":{"line":115,"column":13}},"type":"if","locations":[{"start":{"line":113,"column":12},"end":{"line":115,"column":13}},{"start":{},"end":{}}],"line":113},"15":{"loc":{"start":{"line":118,"column":9},"end":{"line":118,"column":81}},"type":"cond-expr","locations":[{"start":{"line":118,"column":23},"end":{"line":118,"column":74}},{"start":{"line":118,"column":77},"end":{"line":118,"column":81}}],"line":118},"16":{"loc":{"start":{"line":121,"column":32},"end":{"line":121,"column":74}},"type":"cond-expr","locations":[{"start":{"line":121,"column":50},"end":{"line":121,"column":67}},{"start":{"line":121,"column":70},"end":{"line":121,"column":74}}],"line":121},"17":{"loc":{"start":{"line":127,"column":12},"end":{"line":129,"column":13}},"type":"if","locations":[{"start":{"line":127,"column":12},"end":{"line":129,"column":13}},{"start":{},"end":{}}],"line":127},"18":{"loc":{"start":{"line":132,"column":9},"end":{"line":132,"column":89}},"type":"cond-expr","locations":[{"start":{"line":132,"column":27},"end":{"line":132,"column":82}},{"start":{"line":132,"column":85},"end":{"line":132,"column":89}}],"line":132}},"s":{"0":22,"1":22,"2":22,"3":22,"4":22,"5":22,"6":5,"7":5,"8":1,"9":4,"10":1,"11":5,"12":1,"13":4,"14":1,"15":5,"16":1,"17":4,"18":1,"19":5,"20":5,"21":22,"22":5,"23":4,"24":1,"25":1,"26":1,"27":1,"28":1,"29":1,"30":0,"31":0,"32":0,"33":0,"34":0,"35":0,"36":0,"37":0,"38":0,"39":22,"40":4,"41":4,"42":0,"43":4,"44":4,"45":0,"46":4,"47":4,"48":0,"49":0,"50":1},"f":{"0":22,"1":5,"2":5,"3":4,"4":4,"5":4,"6":0},"b":{"0":[1,4],"1":[1,3],"2":[1,4],"3":[1,3],"4":[1,4],"5":[1,3],"6":[4,1],"7":[0,0],"8":[0,0],"9":[0,0],"10":[2,20],"11":[0,4],"12":[2,20],"13":[2,20],"14":[0,4],"15":[2,20],"16":[2,20],"17":[0,4],"18":[2,20]},"_coverageSchema":"1a1c01bbd47fc00a2c39e90264f33305004495a9","hash":"56ae3562299a6d80cb7c3d4faa6752f9b308563e"}
,"C:\\Users\\kghor\\OneDrive\\Desktop\\Winter 2025\\SENG 401\\MealMatchers - SENG401_FinalProject\\ENSF401_Project\\frontend\\app\\(tabs)\\ingredients.tsx": {"path":"C:\\Users\\kghor\\OneDrive\\Desktop\\Winter 2025\\SENG 401\\MealMatchers - SENG401_FinalProject\\ENSF401_Project\\frontend\\app\\(tabs)\\ingredients.tsx","statementMap":{"0":{"start":{"line":7,"column":23},"end":{"line":160,"column":1}},"1":{"start":{"line":8,"column":2},"end":{"line":8,"column":52}},"2":{"start":{"line":10,"column":2},"end":{"line":159,"column":3}},"3":{"start":{"line":12,"column":20},"end":{"line":12,"column":54}},"4":{"start":{"line":13,"column":24},"end":{"line":13,"column":76}},"5":{"start":{"line":16,"column":4},"end":{"line":66,"column":5}},"6":{"start":{"line":17,"column":6},"end":{"line":17,"column":53}},"7":{"start":{"line":19,"column":6},"end":{"line":65,"column":8}},"8":{"start":{"line":69,"column":16},"end":{"line":69,"column":51}},"9":{"start":{"line":70,"column":4},"end":{"line":73,"column":5}},"10":{"start":{"line":71,"column":6},"end":{"line":71,"column":70}},"11":{"start":{"line":72,"column":6},"end":{"line":72,"column":49}},"12":{"start":{"line":75,"column":4},"end":{"line":77,"column":5}},"13":{"start":{"line":76,"column":6},"end":{"line":76,"column":33}},"14":{"start":{"line":79,"column":21},"end":{"line":79,"column":35}},"15":{"start":{"line":80,"column":4},"end":{"line":80,"column":48}},"16":{"start":{"line":82,"column":4},"end":{"line":82,"column":76}},"17":{"start":{"line":84,"column":19},"end":{"line":91,"column":6}},"18":{"start":{"line":93,"column":4},"end":{"line":100,"column":5}},"19":{"start":{"line":94,"column":6},"end":{"line":94,"column":76}},"20":{"start":{"line":95,"column":6},"end":{"line":98,"column":7}},"21":{"start":{"line":97,"column":8},"end":{"line":97,"column":67}},"22":{"start":{"line":99,"column":6},"end":{"line":99,"column":58}},"23":{"start":{"line":103,"column":15},"end":{"line":103,"column":36}},"24":{"start":{"line":104,"column":4},"end":{"line":104,"column":16}},"25":{"start":{"line":106,"column":4},"end":{"line":106,"column":51}},"26":{"start":{"line":109,"column":4},"end":{"line":158,"column":6}},"27":{"start":{"line":163,"column":40},"end":{"line":163,"column":52}},"28":{"start":{"line":164,"column":30},"end":{"line":164,"column":42}},"29":{"start":{"line":165,"column":36},"end":{"line":165,"column":51}},"30":{"start":{"line":167,"column":17},"end":{"line":167,"column":28}},"31":{"start":{"line":169,"column":28},"end":{"line":198,"column":3}},"32":{"start":{"line":170,"column":4},"end":{"line":173,"column":5}},"33":{"start":{"line":171,"column":6},"end":{"line":171,"column":63}},"34":{"start":{"line":172,"column":6},"end":{"line":172,"column":13}},"35":{"start":{"line":175,"column":4},"end":{"line":175,"column":23}},"36":{"start":{"line":176,"column":4},"end":{"line":197,"column":5}},"37":{"start":{"line":178,"column":26},"end":{"line":178,"column":67}},"38":{"start":{"line":179,"column":19},"end":{"line":179,"column":52}},"39":{"start":{"line":181,"column":6},"end":{"line":184,"column":7}},"40":{"start":{"line":182,"column":8},"end":{"line":182,"column":41}},"41":{"start":{"line":183,"column":8},"end":{"line":183,"column":15}},"42":{"start":{"line":187,"column":6},"end":{"line":187,"column":88}},"43":{"start":{"line":190,"column":6},"end":{"line":190,"column":35}},"44":{"start":{"line":192,"column":6},"end":{"line":192,"column":56}},"45":{"start":{"line":194,"column":6},"end":{"line":194,"column":73}},"46":{"start":{"line":196,"column":6},"end":{"line":196,"column":26}},"47":{"start":{"line":200,"column":2},"end":{"line":247,"column":3}},"48":{"start":{"line":250,"column":15},"end":{"line":312,"column":2}}},"fnMap":{"0":{"name":"(anonymous_0)","decl":{"start":{"line":7,"column":23},"end":{"line":7,"column":24}},"loc":{"start":{"line":7,"column":54},"end":{"line":160,"column":1}},"line":7},"1":{"name":"IngredientsScreen","decl":{"start":{"line":162,"column":24},"end":{"line":162,"column":41}},"loc":{"start":{"line":162,"column":44},"end":{"line":248,"column":1}},"line":162},"2":{"name":"(anonymous_2)","decl":{"start":{"line":169,"column":28},"end":{"line":169,"column":29}},"loc":{"start":{"line":169,"column":40},"end":{"line":198,"column":3}},"line":169}},"branchMap":{"0":{"loc":{"start":{"line":13,"column":24},"end":{"line":13,"column":76}},"type":"cond-expr","locations":[{"start":{"line":13,"column":34},"end":{"line":13,"column":68}},{"start":{"line":13,"column":71},"end":{"line":13,"column":76}}],"line":13},"1":{"loc":{"start":{"line":16,"column":4},"end":{"line":66,"column":5}},"type":"if","locations":[{"start":{"line":16,"column":4},"end":{"line":66,"column":5}},{"start":{},"end":{}}],"line":16},"2":{"loc":{"start":{"line":70,"column":4},"end":{"line":73,"column":5}},"type":"if","locations":[{"start":{"line":70,"column":4},"end":{"line":73,"column":5}},{"start":{},"end":{}}],"line":70},"3":{"loc":{"start":{"line":75,"column":4},"end":{"line":77,"column":5}},"type":"if","locations":[{"start":{"line":75,"column":4},"end":{"line":77,"column":5}},{"start":{},"end":{}}],"line":75},"4":{"loc":{"start":{"line":75,"column":8},"end":{"line":75,"column":52}},"type":"binary-expr","locations":[{"start":{"line":75,"column":8},"end":{"line":75,"column":29}},{"start":{"line":75,"column":33},"end":{"line":75,"column":52}}],"line":75},"5":{"loc":{"start":{"line":93,"column":4},"end":{"line":100,"column":5}},"type":"if","locations":[{"start":{"line":93,"column":4},"end":{"line":100,"column":5}},{"start":{},"end":{}}],"line":93},"6":{"loc":{"start":{"line":95,"column":6},"end":{"line":98,"column":7}},"type":"if","locations":[{"start":{"line":95,"column":6},"end":{"line":98,"column":7}},{"start":{},"end":{}}],"line":95},"7":{"loc":{"start":{"line":95,"column":10},"end":{"line":95,"column":60}},"type":"binary-expr","locations":[{"start":{"line":95,"column":10},"end":{"line":95,"column":33}},{"start":{"line":95,"column":37},"end":{"line":95,"column":60}}],"line":95},"8":{"loc":{"start":{"line":170,"column":4},"end":{"line":173,"column":5}},"type":"if","locations":[{"start":{"line":170,"column":4},"end":{"line":173,"column":5}},{"start":{},"end":{}}],"line":170},"9":{"loc":{"start":{"line":170,"column":8},"end":{"line":170,"column":45}},"type":"binary-expr","locations":[{"start":{"line":170,"column":8},"end":{"line":170,"column":27}},{"start":{"line":170,"column":31},"end":{"line":170,"column":45}}],"line":170},"10":{"loc":{"start":{"line":178,"column":26},"end":{"line":178,"column":67}},"type":"cond-expr","locations":[{"start":{"line":178,"column":47},"end":{"line":178,"column":58}},{"start":{"line":178,"column":61},"end":{"line":178,"column":67}}],"line":178},"11":{"loc":{"start":{"line":181,"column":6},"end":{"line":184,"column":7}},"type":"if","locations":[{"start":{"line":181,"column":6},"end":{"line":184,"column":7}},{"start":{},"end":{}}],"line":181},"12":{"loc":{"start":{"line":187,"column":68},"end":{"line":187,"column":85}},"type":"binary-expr","locations":[{"start":{"line":187,"column":68},"end":{"line":187,"column":79}},{"start":{"line":187,"column":83},"end":{"line":187,"column":85}}],"line":187},"13":{"loc":{"start":{"line":235,"column":11},"end":{"line":239,"column":11}},"type":"cond-expr","locations":[{"start":{"line":236,"column":12},"end":{"line":236,"column":74}},{"start":{"line":238,"column":12},"end":{"line":238,"column":67}}],"line":235}},"s":{"0":1,"1":8,"2":8,"3":8,"4":8,"5":8,"6":5,"7":5,"8":3,"9":3,"10":0,"11":0,"12":3,"13":3,"14":3,"15":3,"16":3,"17":3,"18":3,"19":2,"20":2,"21":0,"22":2,"23":1,"24":1,"25":2,"26":2,"27":36,"28":35,"29":35,"30":35,"31":35,"32":10,"33":2,"34":2,"35":8,"36":8,"37":8,"38":8,"39":8,"40":0,"41":0,"42":8,"43":8,"44":0,"45":0,"46":8,"47":35,"48":1},"f":{"0":8,"1":36,"2":10},"b":{"0":[8,0],"1":[5,3],"2":[0,3],"3":[3,0],"4":[3,3],"5":[2,1],"6":[0,2],"7":[2,2],"8":[2,8],"9":[10,3],"10":[7,1],"11":[0,8],"12":[8,0],"13":[8,27]},"_coverageSchema":"1a1c01bbd47fc00a2c39e90264f33305004495a9","hash":"281731d6f12b94c88ff58ab866e9319e6ea54d1e"}
,"C:\\Users\\kghor\\OneDrive\\Desktop\\Winter 2025\\SENG 401\\MealMatchers - SENG401_FinalProject\\ENSF401_Project\\frontend\\app\\(tabs)\\mymeals.tsx": {"path":"C:\\Users\\kghor\\OneDrive\\Desktop\\Winter 2025\\SENG 401\\MealMatchers - SENG401_FinalProject\\ENSF401_Project\\frontend\\app\\(tabs)\\mymeals.tsx","statementMap":{"0":{"start":{"line":19,"column":42},"end":{"line":19,"column":64}},"1":{"start":{"line":20,"column":48},"end":{"line":20,"column":70}},"2":{"start":{"line":21,"column":36},"end":{"line":21,"column":50}},"3":{"start":{"line":22,"column":40},"end":{"line":22,"column":52}},"4":{"start":{"line":23,"column":36},"end":{"line":23,"column":57}},"5":{"start":{"line":24,"column":46},"end":{"line":24,"column":75}},"6":{"start":{"line":25,"column":42},"end":{"line":25,"column":57}},"7":{"start":{"line":26,"column":32},"end":{"line":26,"column":73}},"8":{"start":{"line":28,"column":17},"end":{"line":28,"column":28}},"9":{"start":{"line":30,"column":2},"end":{"line":34,"column":4}},"10":{"start":{"line":32,"column":6},"end":{"line":32,"column":25}},"11":{"start":{"line":36,"column":2},"end":{"line":47,"column":34}},"12":{"start":{"line":38,"column":4},"end":{"line":46,"column":5}},"13":{"start":{"line":39,"column":23},"end":{"line":42,"column":7}},"14":{"start":{"line":40,"column":8},"end":{"line":41,"column":93}},"15":{"start":{"line":41,"column":39},"end":{"line":41,"column":92}},"16":{"start":{"line":43,"column":6},"end":{"line":43,"column":35}},"17":{"start":{"line":45,"column":6},"end":{"line":45,"column":39}},"18":{"start":{"line":50,"column":2},"end":{"line":63,"column":9}},"19":{"start":{"line":51,"column":24},"end":{"line":60,"column":5}},"20":{"start":{"line":52,"column":6},"end":{"line":59,"column":7}},"21":{"start":{"line":53,"column":29},"end":{"line":53,"column":72}},"22":{"start":{"line":54,"column":8},"end":{"line":56,"column":9}},"23":{"start":{"line":55,"column":10},"end":{"line":55,"column":47}},"24":{"start":{"line":58,"column":8},"end":{"line":58,"column":55}},"25":{"start":{"line":62,"column":4},"end":{"line":62,"column":18}},"26":{"start":{"line":65,"column":2},"end":{"line":75,"column":16}},"27":{"start":{"line":66,"column":24},"end":{"line":72,"column":5}},"28":{"start":{"line":67,"column":6},"end":{"line":71,"column":7}},"29":{"start":{"line":68,"column":8},"end":{"line":68,"column":77}},"30":{"start":{"line":70,"column":8},"end":{"line":70,"column":54}},"31":{"start":{"line":74,"column":4},"end":{"line":74,"column":18}},"32":{"start":{"line":77,"column":27},"end":{"line":129,"column":3}},"33":{"start":{"line":78,"column":4},"end":{"line":128,"column":5}},"34":{"start":{"line":79,"column":6},"end":{"line":79,"column":25}},"35":{"start":{"line":81,"column":20},"end":{"line":81,"column":55}},"36":{"start":{"line":82,"column":20},"end":{"line":82,"column":22}},"37":{"start":{"line":84,"column":23},"end":{"line":91,"column":8}},"38":{"start":{"line":93,"column":6},"end":{"line":113,"column":7}},"39":{"start":{"line":94,"column":21},"end":{"line":94,"column":42}},"40":{"start":{"line":95,"column":8},"end":{"line":95,"column":31}},"41":{"start":{"line":96,"column":8},"end":{"line":105,"column":9}},"42":{"start":{"line":97,"column":10},"end":{"line":104,"column":13}},"43":{"start":{"line":98,"column":12},"end":{"line":103,"column":14}},"44":{"start":{"line":106,"column":8},"end":{"line":106,"column":76}},"45":{"start":{"line":108,"column":8},"end":{"line":108,"column":85}},"46":{"start":{"line":109,"column":26},"end":{"line":109,"column":68}},"47":{"start":{"line":110,"column":8},"end":{"line":112,"column":9}},"48":{"start":{"line":111,"column":10},"end":{"line":111,"column":42}},"49":{"start":{"line":115,"column":6},"end":{"line":115,"column":31}},"50":{"start":{"line":116,"column":6},"end":{"line":116,"column":34}},"51":{"start":{"line":118,"column":6},"end":{"line":118,"column":59}},"52":{"start":{"line":120,"column":24},"end":{"line":120,"column":66}},"53":{"start":{"line":121,"column":6},"end":{"line":125,"column":7}},"54":{"start":{"line":122,"column":24},"end":{"line":122,"column":45}},"55":{"start":{"line":123,"column":8},"end":{"line":123,"column":33}},"56":{"start":{"line":124,"column":8},"end":{"line":124,"column":36}},"57":{"start":{"line":127,"column":6},"end":{"line":127,"column":26}},"58":{"start":{"line":132,"column":2},"end":{"line":132,"column":52}},"59":{"start":{"line":134,"column":29},"end":{"line":139,"column":3}},"60":{"start":{"line":135,"column":4},"end":{"line":138,"column":8}},"61":{"start":{"line":135,"column":31},"end":{"line":138,"column":5}},"62":{"start":{"line":141,"column":27},"end":{"line":150,"column":1}},"63":{"start":{"line":142,"column":2},"end":{"line":149,"column":3}},"64":{"start":{"line":143,"column":27},"end":{"line":143,"column":95}},"65":{"start":{"line":143,"column":57},"end":{"line":143,"column":94}},"66":{"start":{"line":144,"column":4},"end":{"line":144,"column":52}},"67":{"start":{"line":145,"column":4},"end":{"line":145,"column":36}},"68":{"start":{"line":146,"column":4},"end":{"line":146,"column":79}},"69":{"start":{"line":148,"column":4},"end":{"line":148,"column":51}},"70":{"start":{"line":152,"column":27},"end":{"line":155,"column":3}},"71":{"start":{"line":153,"column":4},"end":{"line":153,"column":30}},"72":{"start":{"line":154,"column":4},"end":{"line":154,"column":26}},"73":{"start":{"line":157,"column":2},"end":{"line":166,"column":3}},"74":{"start":{"line":158,"column":4},"end":{"line":165,"column":6}},"75":{"start":{"line":168,"column":2},"end":{"line":294,"column":3}},"76":{"start":{"line":187,"column":25},"end":{"line":187,"column":50}},"77":{"start":{"line":197,"column":12},"end":{"line":237,"column":19}},"78":{"start":{"line":205,"column":18},"end":{"line":205,"column":85}},"79":{"start":{"line":215,"column":40},"end":{"line":215,"column":80}},"80":{"start":{"line":224,"column":35},"end":{"line":224,"column":59}},"81":{"start":{"line":231,"column":35},"end":{"line":231,"column":61}},"82":{"start":{"line":247,"column":29},"end":{"line":247,"column":63}},"83":{"start":{"line":260,"column":30},"end":{"line":260,"column":52}},"84":{"start":{"line":266,"column":29},"end":{"line":266,"column":51}},"85":{"start":{"line":277,"column":18},"end":{"line":277,"column":90}},"86":{"start":{"line":282,"column":18},"end":{"line":284,"column":25}},"87":{"start":{"line":297,"column":15},"end":{"line":502,"column":2}}},"fnMap":{"0":{"name":"MyMealsScreen","decl":{"start":{"line":18,"column":24},"end":{"line":18,"column":37}},"loc":{"start":{"line":18,"column":40},"end":{"line":295,"column":1}},"line":18},"1":{"name":"(anonymous_1)","decl":{"start":{"line":31,"column":22},"end":{"line":31,"column":23}},"loc":{"start":{"line":31,"column":28},"end":{"line":33,"column":5}},"line":31},"2":{"name":"(anonymous_2)","decl":{"start":{"line":36,"column":12},"end":{"line":36,"column":13}},"loc":{"start":{"line":36,"column":18},"end":{"line":47,"column":3}},"line":36},"3":{"name":"(anonymous_3)","decl":{"start":{"line":39,"column":43},"end":{"line":39,"column":44}},"loc":{"start":{"line":40,"column":8},"end":{"line":41,"column":93}},"line":40},"4":{"name":"(anonymous_4)","decl":{"start":{"line":41,"column":32},"end":{"line":41,"column":33}},"loc":{"start":{"line":41,"column":39},"end":{"line":41,"column":92}},"line":41},"5":{"name":"(anonymous_5)","decl":{"start":{"line":50,"column":12},"end":{"line":50,"column":13}},"loc":{"start":{"line":50,"column":18},"end":{"line":63,"column":3}},"line":50},"6":{"name":"(anonymous_6)","decl":{"start":{"line":51,"column":24},"end":{"line":51,"column":25}},"loc":{"start":{"line":51,"column":36},"end":{"line":60,"column":5}},"line":51},"7":{"name":"(anonymous_7)","decl":{"start":{"line":65,"column":12},"end":{"line":65,"column":13}},"loc":{"start":{"line":65,"column":18},"end":{"line":75,"column":3}},"line":65},"8":{"name":"(anonymous_8)","decl":{"start":{"line":66,"column":24},"end":{"line":66,"column":25}},"loc":{"start":{"line":66,"column":36},"end":{"line":72,"column":5}},"line":66},"9":{"name":"(anonymous_9)","decl":{"start":{"line":77,"column":27},"end":{"line":77,"column":28}},"loc":{"start":{"line":77,"column":39},"end":{"line":129,"column":3}},"line":77},"10":{"name":"(anonymous_10)","decl":{"start":{"line":97,"column":32},"end":{"line":97,"column":33}},"loc":{"start":{"line":97,"column":49},"end":{"line":104,"column":11}},"line":97},"11":{"name":"(anonymous_11)","decl":{"start":{"line":134,"column":29},"end":{"line":134,"column":30}},"loc":{"start":{"line":134,"column":64},"end":{"line":139,"column":3}},"line":134},"12":{"name":"(anonymous_12)","decl":{"start":{"line":135,"column":15},"end":{"line":135,"column":16}},"loc":{"start":{"line":135,"column":31},"end":{"line":138,"column":5}},"line":135},"13":{"name":"(anonymous_13)","decl":{"start":{"line":141,"column":27},"end":{"line":141,"column":28}},"loc":{"start":{"line":141,"column":61},"end":{"line":150,"column":1}},"line":141},"14":{"name":"(anonymous_14)","decl":{"start":{"line":143,"column":47},"end":{"line":143,"column":48}},"loc":{"start":{"line":143,"column":57},"end":{"line":143,"column":94}},"line":143},"15":{"name":"(anonymous_15)","decl":{"start":{"line":152,"column":27},"end":{"line":152,"column":28}},"loc":{"start":{"line":152,"column":47},"end":{"line":155,"column":3}},"line":152},"16":{"name":"(anonymous_16)","decl":{"start":{"line":187,"column":19},"end":{"line":187,"column":20}},"loc":{"start":{"line":187,"column":25},"end":{"line":187,"column":50}},"line":187},"17":{"name":"(anonymous_17)","decl":{"start":{"line":196,"column":30},"end":{"line":196,"column":31}},"loc":{"start":{"line":197,"column":12},"end":{"line":237,"column":19}},"line":197},"18":{"name":"(anonymous_18)","decl":{"start":{"line":204,"column":52},"end":{"line":204,"column":53}},"loc":{"start":{"line":205,"column":18},"end":{"line":205,"column":85}},"line":205},"19":{"name":"(anonymous_19)","decl":{"start":{"line":215,"column":28},"end":{"line":215,"column":29}},"loc":{"start":{"line":215,"column":40},"end":{"line":215,"column":80}},"line":215},"20":{"name":"(anonymous_20)","decl":{"start":{"line":224,"column":29},"end":{"line":224,"column":30}},"loc":{"start":{"line":224,"column":35},"end":{"line":224,"column":59}},"line":224},"21":{"name":"(anonymous_21)","decl":{"start":{"line":231,"column":29},"end":{"line":231,"column":30}},"loc":{"start":{"line":231,"column":35},"end":{"line":231,"column":61}},"line":231},"22":{"name":"(anonymous_22)","decl":{"start":{"line":247,"column":23},"end":{"line":247,"column":24}},"loc":{"start":{"line":247,"column":29},"end":{"line":247,"column":63}},"line":247},"23":{"name":"(anonymous_23)","decl":{"start":{"line":260,"column":24},"end":{"line":260,"column":25}},"loc":{"start":{"line":260,"column":30},"end":{"line":260,"column":52}},"line":260},"24":{"name":"(anonymous_24)","decl":{"start":{"line":266,"column":23},"end":{"line":266,"column":24}},"loc":{"start":{"line":266,"column":29},"end":{"line":266,"column":51}},"line":266},"25":{"name":"(anonymous_25)","decl":{"start":{"line":276,"column":48},"end":{"line":276,"column":49}},"loc":{"start":{"line":277,"column":18},"end":{"line":277,"column":90}},"line":277},"26":{"name":"(anonymous_26)","decl":{"start":{"line":281,"column":49},"end":{"line":281,"column":50}},"loc":{"start":{"line":282,"column":18},"end":{"line":284,"column":25}},"line":282}},"branchMap":{"0":{"loc":{"start":{"line":38,"column":4},"end":{"line":46,"column":5}},"type":"if","locations":[{"start":{"line":38,"column":4},"end":{"line":46,"column":5}},{"start":{"line":44,"column":11},"end":{"line":46,"column":5}}],"line":38},"1":{"loc":{"start":{"line":40,"column":8},"end":{"line":41,"column":93}},"type":"binary-expr","locations":[{"start":{"line":40,"column":8},"end":{"line":40,"column":70}},{"start":{"line":41,"column":8},"end":{"line":41,"column":93}}],"line":40},"2":{"loc":{"start":{"line":54,"column":8},"end":{"line":56,"column":9}},"type":"if","locations":[{"start":{"line":54,"column":8},"end":{"line":56,"column":9}},{"start":{},"end":{}}],"line":54},"3":{"loc":{"start":{"line":93,"column":6},"end":{"line":113,"column":7}},"type":"if","locations":[{"start":{"line":93,"column":6},"end":{"line":113,"column":7}},{"start":{"line":107,"column":13},"end":{"line":113,"column":7}}],"line":93},"4":{"loc":{"start":{"line":96,"column":8},"end":{"line":105,"column":9}},"type":"if","locations":[{"start":{"line":96,"column":8},"end":{"line":105,"column":9}},{"start":{},"end":{}}],"line":96},"5":{"loc":{"start":{"line":110,"column":8},"end":{"line":112,"column":9}},"type":"if","locations":[{"start":{"line":110,"column":8},"end":{"line":112,"column":9}},{"start":{},"end":{}}],"line":110},"6":{"loc":{"start":{"line":121,"column":6},"end":{"line":125,"column":7}},"type":"if","locations":[{"start":{"line":121,"column":6},"end":{"line":125,"column":7}},{"start":{},"end":{}}],"line":121},"7":{"loc":{"start":{"line":157,"column":2},"end":{"line":166,"column":3}},"type":"if","locations":[{"start":{"line":157,"column":2},"end":{"line":166,"column":3}},{"start":{},"end":{}}],"line":157},"8":{"loc":{"start":{"line":186,"column":36},"end":{"line":186,"column":87}},"type":"binary-expr","locations":[{"start":{"line":186,"column":36},"end":{"line":186,"column":61}},{"start":{"line":186,"column":65},"end":{"line":186,"column":87}}],"line":186},"9":{"loc":{"start":{"line":189,"column":50},"end":{"line":189,"column":96}},"type":"cond-expr","locations":[{"start":{"line":189,"column":78},"end":{"line":189,"column":87}},{"start":{"line":189,"column":90},"end":{"line":189,"column":96}}],"line":189},"10":{"loc":{"start":{"line":190,"column":40},"end":{"line":190,"column":89}},"type":"binary-expr","locations":[{"start":{"line":190,"column":40},"end":{"line":190,"column":65}},{"start":{"line":190,"column":69},"end":{"line":190,"column":89}}],"line":190},"11":{"loc":{"start":{"line":195,"column":9},"end":{"line":252,"column":9}},"type":"cond-expr","locations":[{"start":{"line":196,"column":10},"end":{"line":238,"column":12}},{"start":{"line":240,"column":10},"end":{"line":251,"column":17}}],"line":195},"12":{"loc":{"start":{"line":207,"column":17},"end":{"line":209,"column":17}},"type":"binary-expr","locations":[{"start":{"line":207,"column":17},"end":{"line":207,"column":46}},{"start":{"line":208,"column":18},"end":{"line":208,"column":104}}],"line":207},"13":{"loc":{"start":{"line":214,"column":26},"end":{"line":214,"column":52}},"type":"binary-expr","locations":[{"start":{"line":214,"column":26},"end":{"line":214,"column":47}},{"start":{"line":214,"column":51},"end":{"line":214,"column":52}}],"line":214},"14":{"loc":{"start":{"line":243,"column":15},"end":{"line":243,"column":84}},"type":"cond-expr","locations":[{"start":{"line":243,"column":29},"end":{"line":243,"column":59}},{"start":{"line":243,"column":62},"end":{"line":243,"column":84}}],"line":243},"15":{"loc":{"start":{"line":271,"column":13},"end":{"line":289,"column":13}},"type":"binary-expr","locations":[{"start":{"line":271,"column":13},"end":{"line":271,"column":27}},{"start":{"line":272,"column":14},"end":{"line":288,"column":27}}],"line":271}},"s":{"0":24,"1":23,"2":23,"3":23,"4":23,"5":23,"6":23,"7":23,"8":23,"9":23,"10":5,"11":23,"12":11,"13":1,"14":2,"15":1,"16":1,"17":10,"18":23,"19":5,"20":5,"21":5,"22":5,"23":0,"24":0,"25":5,"26":23,"27":6,"28":6,"29":6,"30":0,"31":6,"32":23,"33":5,"34":5,"35":5,"36":5,"37":5,"38":5,"39":5,"40":5,"41":5,"42":5,"43":10,"44":5,"45":0,"46":0,"47":0,"48":0,"49":5,"50":5,"51":0,"52":0,"53":0,"54":0,"55":0,"56":0,"57":5,"58":23,"59":23,"60":1,"61":1,"62":23,"63":1,"64":1,"65":2,"66":1,"67":1,"68":1,"69":0,"70":23,"71":0,"72":0,"73":23,"74":10,"75":13,"76":0,"77":24,"78":24,"79":1,"80":0,"81":1,"82":0,"83":0,"84":0,"85":0,"86":0,"87":1},"f":{"0":24,"1":5,"2":11,"3":2,"4":1,"5":5,"6":5,"7":6,"8":6,"9":5,"10":10,"11":1,"12":1,"13":1,"14":2,"15":0,"16":0,"17":24,"18":24,"19":1,"20":0,"21":1,"22":0,"23":0,"24":0,"25":0,"26":0},"b":{"0":[1,10],"1":[2,1],"2":[0,5],"3":[5,0],"4":[5,0],"5":[0,0],"6":[0,0],"7":[10,13],"8":[13,13],"9":[13,0],"10":[13,13],"11":[13,0],"12":[24,0],"13":[24,23],"14":[0,0],"15":[13,0]},"_coverageSchema":"1a1c01bbd47fc00a2c39e90264f33305004495a9","hash":"86ae79d61237ad74fa55eaf261d516ea51eae0ba"}
,"C:\\Users\\kghor\\OneDrive\\Desktop\\Winter 2025\\SENG 401\\MealMatchers - SENG401_FinalProject\\ENSF401_Project\\frontend\\app\\(tabs)\\profile.tsx": {"path":"C:\\Users\\kghor\\OneDrive\\Desktop\\Winter 2025\\SENG 401\\MealMatchers - SENG401_FinalProject\\ENSF401_Project\\frontend\\app\\(tabs)\\profile.tsx","statementMap":{"0":{"start":{"line":18,"column":34},"end":{"line":22,"column":17}},"1":{"start":{"line":23,"column":36},"end":{"line":23,"column":50}},"2":{"start":{"line":26,"column":26},"end":{"line":26,"column":56}},"3":{"start":{"line":27,"column":28},"end":{"line":27,"column":59}},"4":{"start":{"line":28,"column":34},"end":{"line":28,"column":46}},"5":{"start":{"line":29,"column":54},"end":{"line":29,"column":76}},"6":{"start":{"line":32,"column":36},"end":{"line":32,"column":51}},"7":{"start":{"line":35,"column":46},"end":{"line":35,"column":75}},"8":{"start":{"line":37,"column":17},"end":{"line":37,"column":28}},"9":{"start":{"line":39,"column":23},"end":{"line":64,"column":3}},"10":{"start":{"line":40,"column":4},"end":{"line":63,"column":5}},"11":{"start":{"line":42,"column":19},"end":{"line":42,"column":53}},"12":{"start":{"line":43,"column":6},"end":{"line":56,"column":7}},"13":{"start":{"line":44,"column":27},"end":{"line":44,"column":43}},"14":{"start":{"line":45,"column":8},"end":{"line":45,"column":32}},"15":{"start":{"line":48,"column":22},"end":{"line":48,"column":57}},"16":{"start":{"line":49,"column":8},"end":{"line":55,"column":9}},"17":{"start":{"line":51,"column":10},"end":{"line":51,"column":41}},"18":{"start":{"line":54,"column":10},"end":{"line":54,"column":39}},"19":{"start":{"line":58,"column":6},"end":{"line":58,"column":55}},"20":{"start":{"line":59,"column":6},"end":{"line":59,"column":67}},"21":{"start":{"line":60,"column":6},"end":{"line":60,"column":35}},"22":{"start":{"line":62,"column":6},"end":{"line":62,"column":26}},"23":{"start":{"line":66,"column":2},"end":{"line":69,"column":9}},"24":{"start":{"line":68,"column":4},"end":{"line":68,"column":19}},"25":{"start":{"line":71,"column":23},"end":{"line":79,"column":3}},"26":{"start":{"line":72,"column":4},"end":{"line":78,"column":5}},"27":{"start":{"line":73,"column":6},"end":{"line":73,"column":33}},"28":{"start":{"line":74,"column":6},"end":{"line":74,"column":35}},"29":{"start":{"line":75,"column":6},"end":{"line":75,"column":31}},"30":{"start":{"line":77,"column":6},"end":{"line":77,"column":52}},"31":{"start":{"line":81,"column":20},"end":{"line":105,"column":3}},"32":{"start":{"line":82,"column":4},"end":{"line":104,"column":5}},"33":{"start":{"line":83,"column":31},"end":{"line":83,"column":86}},"34":{"start":{"line":85,"column":6},"end":{"line":88,"column":7}},"35":{"start":{"line":86,"column":8},"end":{"line":86,"column":69}},"36":{"start":{"line":87,"column":8},"end":{"line":87,"column":15}},"37":{"start":{"line":91,"column":21},"end":{"line":96,"column":8}},"38":{"start":{"line":98,"column":6},"end":{"line":100,"column":7}},"39":{"start":{"line":99,"column":8},"end":{"line":99,"column":48}},"40":{"start":{"line":102,"column":6},"end":{"line":102,"column":51}},"41":{"start":{"line":103,"column":6},"end":{"line":103,"column":58}},"42":{"start":{"line":108,"column":34},"end":{"line":114,"column":3}},"43":{"start":{"line":109,"column":4},"end":{"line":113,"column":6}},"44":{"start":{"line":110,"column":6},"end":{"line":112,"column":31}},"45":{"start":{"line":111,"column":32},"end":{"line":111,"column":51}},"46":{"start":{"line":116,"column":28},"end":{"line":160,"column":3}},"47":{"start":{"line":117,"column":4},"end":{"line":117,"column":37}},"48":{"start":{"line":118,"column":4},"end":{"line":159,"column":5}},"49":{"start":{"line":119,"column":29},"end":{"line":123,"column":7}},"50":{"start":{"line":125,"column":6},"end":{"line":151,"column":7}},"51":{"start":{"line":126,"column":25},"end":{"line":133,"column":10}},"52":{"start":{"line":134,"column":8},"end":{"line":136,"column":9}},"53":{"start":{"line":135,"column":10},"end":{"line":135,"column":64}},"54":{"start":{"line":137,"column":21},"end":{"line":137,"column":42}},"55":{"start":{"line":140,"column":8},"end":{"line":147,"column":10}},"56":{"start":{"line":149,"column":8},"end":{"line":149,"column":68}},"57":{"start":{"line":150,"column":8},"end":{"line":150,"column":61}},"58":{"start":{"line":152,"column":6},"end":{"line":152,"column":45}},"59":{"start":{"line":153,"column":6},"end":{"line":153,"column":21}},"60":{"start":{"line":156,"column":6},"end":{"line":156,"column":26}},"61":{"start":{"line":158,"column":6},"end":{"line":158,"column":59}},"62":{"start":{"line":163,"column":2},"end":{"line":171,"column":3}},"63":{"start":{"line":164,"column":4},"end":{"line":170,"column":6}},"64":{"start":{"line":173,"column":2},"end":{"line":305,"column":4}},"65":{"start":{"line":215,"column":27},"end":{"line":215,"column":51}},"66":{"start":{"line":254,"column":31},"end":{"line":254,"column":68}},"67":{"start":{"line":265,"column":31},"end":{"line":265,"column":63}},"68":{"start":{"line":274,"column":31},"end":{"line":274,"column":69}},"69":{"start":{"line":308,"column":15},"end":{"line":448,"column":2}}},"fnMap":{"0":{"name":"ProfileScreen","decl":{"start":{"line":17,"column":24},"end":{"line":17,"column":37}},"loc":{"start":{"line":17,"column":40},"end":{"line":306,"column":1}},"line":17},"1":{"name":"(anonymous_1)","decl":{"start":{"line":39,"column":23},"end":{"line":39,"column":24}},"loc":{"start":{"line":39,"column":35},"end":{"line":64,"column":3}},"line":39},"2":{"name":"(anonymous_2)","decl":{"start":{"line":66,"column":12},"end":{"line":66,"column":13}},"loc":{"start":{"line":66,"column":18},"end":{"line":69,"column":3}},"line":66},"3":{"name":"(anonymous_3)","decl":{"start":{"line":71,"column":23},"end":{"line":71,"column":24}},"loc":{"start":{"line":71,"column":35},"end":{"line":79,"column":3}},"line":71},"4":{"name":"(anonymous_4)","decl":{"start":{"line":81,"column":20},"end":{"line":81,"column":21}},"loc":{"start":{"line":81,"column":32},"end":{"line":105,"column":3}},"line":81},"5":{"name":"(anonymous_5)","decl":{"start":{"line":108,"column":34},"end":{"line":108,"column":35}},"loc":{"start":{"line":108,"column":58},"end":{"line":114,"column":3}},"line":108},"6":{"name":"(anonymous_6)","decl":{"start":{"line":109,"column":26},"end":{"line":109,"column":27}},"loc":{"start":{"line":110,"column":6},"end":{"line":112,"column":31}},"line":110},"7":{"name":"(anonymous_7)","decl":{"start":{"line":111,"column":22},"end":{"line":111,"column":23}},"loc":{"start":{"line":111,"column":32},"end":{"line":111,"column":51}},"line":111},"8":{"name":"(anonymous_8)","decl":{"start":{"line":116,"column":28},"end":{"line":116,"column":29}},"loc":{"start":{"line":116,"column":40},"end":{"line":160,"column":3}},"line":116},"9":{"name":"(anonymous_9)","decl":{"start":{"line":215,"column":21},"end":{"line":215,"column":22}},"loc":{"start":{"line":215,"column":27},"end":{"line":215,"column":51}},"line":215},"10":{"name":"(anonymous_10)","decl":{"start":{"line":254,"column":25},"end":{"line":254,"column":26}},"loc":{"start":{"line":254,"column":31},"end":{"line":254,"column":68}},"line":254},"11":{"name":"(anonymous_11)","decl":{"start":{"line":265,"column":25},"end":{"line":265,"column":26}},"loc":{"start":{"line":265,"column":31},"end":{"line":265,"column":63}},"line":265},"12":{"name":"(anonymous_12)","decl":{"start":{"line":274,"column":25},"end":{"line":274,"column":26}},"loc":{"start":{"line":274,"column":31},"end":{"line":274,"column":69}},"line":274}},"branchMap":{"0":{"loc":{"start":{"line":26,"column":35},"end":{"line":26,"column":55}},"type":"binary-expr","locations":[{"start":{"line":26,"column":35},"end":{"line":26,"column":49}},{"start":{"line":26,"column":53},"end":{"line":26,"column":55}}],"line":26},"1":{"loc":{"start":{"line":27,"column":37},"end":{"line":27,"column":58}},"type":"binary-expr","locations":[{"start":{"line":27,"column":37},"end":{"line":27,"column":52}},{"start":{"line":27,"column":56},"end":{"line":27,"column":58}}],"line":27},"2":{"loc":{"start":{"line":43,"column":6},"end":{"line":56,"column":7}},"type":"if","locations":[{"start":{"line":43,"column":6},"end":{"line":56,"column":7}},{"start":{"line":46,"column":13},"end":{"line":56,"column":7}}],"line":43},"3":{"loc":{"start":{"line":49,"column":8},"end":{"line":55,"column":9}},"type":"if","locations":[{"start":{"line":49,"column":8},"end":{"line":55,"column":9}},{"start":{"line":52,"column":15},"end":{"line":55,"column":9}}],"line":49},"4":{"loc":{"start":{"line":85,"column":6},"end":{"line":88,"column":7}},"type":"if","locations":[{"start":{"line":85,"column":6},"end":{"line":88,"column":7}},{"start":{},"end":{}}],"line":85},"5":{"loc":{"start":{"line":98,"column":6},"end":{"line":100,"column":7}},"type":"if","locations":[{"start":{"line":98,"column":6},"end":{"line":100,"column":7}},{"start":{},"end":{}}],"line":98},"6":{"loc":{"start":{"line":110,"column":6},"end":{"line":112,"column":31}},"type":"cond-expr","locations":[{"start":{"line":111,"column":10},"end":{"line":111,"column":52}},{"start":{"line":112,"column":10},"end":{"line":112,"column":31}}],"line":110},"7":{"loc":{"start":{"line":134,"column":8},"end":{"line":136,"column":9}},"type":"if","locations":[{"start":{"line":134,"column":8},"end":{"line":136,"column":9}},{"start":{},"end":{}}],"line":134},"8":{"loc":{"start":{"line":143,"column":19},"end":{"line":143,"column":38}},"type":"binary-expr","locations":[{"start":{"line":143,"column":19},"end":{"line":143,"column":29}},{"start":{"line":143,"column":33},"end":{"line":143,"column":38}}],"line":143},"9":{"loc":{"start":{"line":144,"column":18},"end":{"line":144,"column":35}},"type":"binary-expr","locations":[{"start":{"line":144,"column":18},"end":{"line":144,"column":27}},{"start":{"line":144,"column":31},"end":{"line":144,"column":35}}],"line":144},"10":{"loc":{"start":{"line":145,"column":32},"end":{"line":145,"column":77}},"type":"binary-expr","locations":[{"start":{"line":145,"column":32},"end":{"line":145,"column":55}},{"start":{"line":145,"column":59},"end":{"line":145,"column":77}}],"line":145},"11":{"loc":{"start":{"line":163,"column":2},"end":{"line":171,"column":3}},"type":"if","locations":[{"start":{"line":163,"column":2},"end":{"line":171,"column":3}},{"start":{},"end":{}}],"line":163},"12":{"loc":{"start":{"line":185,"column":13},"end":{"line":189,"column":13}},"type":"cond-expr","locations":[{"start":{"line":186,"column":14},"end":{"line":186,"column":84}},{"start":{"line":188,"column":14},"end":{"line":188,"column":74}}],"line":185},"13":{"loc":{"start":{"line":202,"column":13},"end":{"line":209,"column":13}},"type":"cond-expr","locations":[{"start":{"line":203,"column":14},"end":{"line":203,"column":69}},{"start":{"line":205,"column":14},"end":{"line":208,"column":17}}],"line":202},"14":{"loc":{"start":{"line":206,"column":47},"end":{"line":206,"column":71}},"type":"binary-expr","locations":[{"start":{"line":206,"column":47},"end":{"line":206,"column":61}},{"start":{"line":206,"column":65},"end":{"line":206,"column":71}}],"line":206},"15":{"loc":{"start":{"line":207,"column":48},"end":{"line":207,"column":69}},"type":"binary-expr","locations":[{"start":{"line":207,"column":48},"end":{"line":207,"column":63}},{"start":{"line":207,"column":67},"end":{"line":207,"column":69}}],"line":207},"16":{"loc":{"start":{"line":218,"column":15},"end":{"line":218,"column":54}},"type":"cond-expr","locations":[{"start":{"line":218,"column":27},"end":{"line":218,"column":35}},{"start":{"line":218,"column":38},"end":{"line":218,"column":54}}],"line":218},"17":{"loc":{"start":{"line":223,"column":11},"end":{"line":290,"column":11}},"type":"binary-expr","locations":[{"start":{"line":223,"column":11},"end":{"line":223,"column":20}},{"start":{"line":224,"column":12},"end":{"line":289,"column":19}}],"line":223},"18":{"loc":{"start":{"line":257,"column":19},"end":{"line":259,"column":38}},"type":"cond-expr","locations":[{"start":{"line":258,"column":22},"end":{"line":258,"column":41}},{"start":{"line":259,"column":22},"end":{"line":259,"column":38}}],"line":257},"19":{"loc":{"start":{"line":268,"column":19},"end":{"line":268,"column":86}},"type":"cond-expr","locations":[{"start":{"line":268,"column":58},"end":{"line":268,"column":72}},{"start":{"line":268,"column":75},"end":{"line":268,"column":86}}],"line":268},"20":{"loc":{"start":{"line":277,"column":19},"end":{"line":279,"column":39}},"type":"cond-expr","locations":[{"start":{"line":278,"column":22},"end":{"line":278,"column":42}},{"start":{"line":279,"column":22},"end":{"line":279,"column":39}}],"line":277}},"s":{"0":31,"1":30,"2":30,"3":30,"4":30,"5":30,"6":30,"7":30,"8":30,"9":30,"10":12,"11":12,"12":11,"13":5,"14":5,"15":6,"16":6,"17":0,"18":6,"19":1,"20":1,"21":1,"22":12,"23":30,"24":9,"25":30,"26":1,"27":1,"28":1,"29":1,"30":0,"31":30,"32":0,"33":0,"34":0,"35":0,"36":0,"37":0,"38":0,"39":0,"40":0,"41":0,"42":30,"43":0,"44":0,"45":0,"46":30,"47":3,"48":3,"49":3,"50":3,"51":3,"52":3,"53":2,"54":1,"55":1,"56":2,"57":2,"58":3,"59":3,"60":3,"61":0,"62":30,"63":9,"64":21,"65":4,"66":0,"67":0,"68":0,"69":1},"f":{"0":31,"1":12,"2":9,"3":1,"4":0,"5":0,"6":0,"7":0,"8":3,"9":4,"10":0,"11":0,"12":0},"b":{"0":[30,15],"1":[30,15],"2":[5,6],"3":[0,6],"4":[0,0],"5":[0,0],"6":[0,0],"7":[2,1],"8":[1,0],"9":[1,0],"10":[1,0],"11":[9,21],"12":[0,21],"13":[6,15],"14":[15,0],"15":[15,0],"16":[10,11],"17":[21,10],"18":[0,10],"19":[0,10],"20":[0,10]},"_coverageSchema":"1a1c01bbd47fc00a2c39e90264f33305004495a9","hash":"ff8bb7804925deac56e8d418fb1a6505193a2bc0"}
,"C:\\Users\\kghor\\OneDrive\\Desktop\\Winter 2025\\SENG 401\\MealMatchers - SENG401_FinalProject\\ENSF401_Project\\frontend\\app\\(tabs)\\swipe.tsx": {"path":"C:\\Users\\kghor\\OneDrive\\Desktop\\Winter 2025\\SENG 401\\MealMatchers - SENG401_FinalProject\\ENSF401_Project\\frontend\\app\\(tabs)\\swipe.tsx","statementMap":{"0":{"start":{"line":9,"column":21},"end":{"line":9,"column":51}},"1":{"start":{"line":10,"column":24},"end":{"line":10,"column":27}},"2":{"start":{"line":21,"column":32},"end":{"line":21,"column":54}},"3":{"start":{"line":22,"column":42},"end":{"line":22,"column":53}},"4":{"start":{"line":23,"column":42},"end":{"line":23,"column":64}},"5":{"start":{"line":24,"column":36},"end":{"line":24,"column":50}},"6":{"start":{"line":25,"column":19},"end":{"line":25,"column":57}},"7":{"start":{"line":26,"column":19},"end":{"line":30,"column":4}},"8":{"start":{"line":31,"column":17},"end":{"line":31,"column":28}},"9":{"start":{"line":32,"column":19},"end":{"line":57,"column":3}},"10":{"start":{"line":33,"column":4},"end":{"line":56,"column":5}},"11":{"start":{"line":35,"column":26},"end":{"line":35,"column":72}},"12":{"start":{"line":36,"column":36},"end":{"line":38,"column":12}},"13":{"start":{"line":40,"column":6},"end":{"line":40,"column":32}},"14":{"start":{"line":41,"column":6},"end":{"line":44,"column":7}},"15":{"start":{"line":42,"column":8},"end":{"line":42,"column":27}},"16":{"start":{"line":43,"column":8},"end":{"line":43,"column":58}},"17":{"start":{"line":47,"column":24},"end":{"line":47,"column":66}},"18":{"start":{"line":48,"column":37},"end":{"line":50,"column":12}},"19":{"start":{"line":51,"column":6},"end":{"line":51,"column":36}},"20":{"start":{"line":53,"column":6},"end":{"line":53,"column":53}},"21":{"start":{"line":55,"column":6},"end":{"line":55,"column":26}},"22":{"start":{"line":59,"column":2},"end":{"line":64,"column":12}},"23":{"start":{"line":63,"column":6},"end":{"line":63,"column":17}},"24":{"start":{"line":66,"column":23},"end":{"line":80,"column":4}},"25":{"start":{"line":67,"column":40},"end":{"line":67,"column":44}},"26":{"start":{"line":69,"column":6},"end":{"line":69,"column":58}},"27":{"start":{"line":72,"column":6},"end":{"line":78,"column":7}},"28":{"start":{"line":73,"column":8},"end":{"line":73,"column":21}},"29":{"start":{"line":74,"column":13},"end":{"line":78,"column":7}},"30":{"start":{"line":75,"column":8},"end":{"line":75,"column":20}},"31":{"start":{"line":77,"column":8},"end":{"line":77,"column":24}},"32":{"start":{"line":82,"column":24},"end":{"line":88,"column":3}},"33":{"start":{"line":83,"column":4},"end":{"line":87,"column":15}},"34":{"start":{"line":90,"column":21},"end":{"line":130,"column":3}},"35":{"start":{"line":91,"column":4},"end":{"line":129,"column":5}},"36":{"start":{"line":92,"column":6},"end":{"line":92,"column":39}},"37":{"start":{"line":93,"column":6},"end":{"line":93,"column":57}},"38":{"start":{"line":95,"column":21},"end":{"line":95,"column":42}},"39":{"start":{"line":97,"column":6},"end":{"line":128,"column":7}},"40":{"start":{"line":99,"column":22},"end":{"line":99,"column":57}},"41":{"start":{"line":102,"column":25},"end":{"line":109,"column":10}},"42":{"start":{"line":111,"column":8},"end":{"line":113,"column":9}},"43":{"start":{"line":112,"column":10},"end":{"line":112,"column":51}},"44":{"start":{"line":115,"column":32},"end":{"line":115,"column":57}},"45":{"start":{"line":116,"column":8},"end":{"line":116,"column":41}},"46":{"start":{"line":117,"column":8},"end":{"line":117,"column":84}},"47":{"start":{"line":119,"column":8},"end":{"line":125,"column":11}},"48":{"start":{"line":124,"column":10},"end":{"line":124,"column":21}},"49":{"start":{"line":127,"column":8},"end":{"line":127,"column":53}},"50":{"start":{"line":133,"column":20},"end":{"line":146,"column":3}},"51":{"start":{"line":134,"column":4},"end":{"line":145,"column":5}},"52":{"start":{"line":135,"column":21},"end":{"line":135,"column":42}},"53":{"start":{"line":136,"column":6},"end":{"line":136,"column":53}},"54":{"start":{"line":138,"column":6},"end":{"line":144,"column":9}},"55":{"start":{"line":143,"column":8},"end":{"line":143,"column":19}},"56":{"start":{"line":148,"column":19},"end":{"line":151,"column":3}},"57":{"start":{"line":149,"column":4},"end":{"line":149,"column":38}},"58":{"start":{"line":150,"column":4},"end":{"line":150,"column":38}},"59":{"start":{"line":153,"column":2},"end":{"line":160,"column":3}},"60":{"start":{"line":154,"column":4},"end":{"line":159,"column":6}},"61":{"start":{"line":163,"column":2},"end":{"line":190,"column":3}},"62":{"start":{"line":164,"column":4},"end":{"line":189,"column":6}},"63":{"start":{"line":174,"column":25},"end":{"line":174,"column":55}},"64":{"start":{"line":182,"column":25},"end":{"line":182,"column":59}},"65":{"start":{"line":192,"column":17},"end":{"line":192,"column":38}},"66":{"start":{"line":194,"column":2},"end":{"line":285,"column":4}},"67":{"start":{"line":201,"column":27},"end":{"line":201,"column":61}},"68":{"start":{"line":208,"column":27},"end":{"line":208,"column":57}},"69":{"start":{"line":241,"column":16},"end":{"line":243,"column":23}},"70":{"start":{"line":252,"column":16},"end":{"line":254,"column":23}},"71":{"start":{"line":288,"column":15},"end":{"line":492,"column":2}}},"fnMap":{"0":{"name":"SwipeScreen","decl":{"start":{"line":20,"column":24},"end":{"line":20,"column":35}},"loc":{"start":{"line":20,"column":38},"end":{"line":286,"column":1}},"line":20},"1":{"name":"(anonymous_1)","decl":{"start":{"line":32,"column":19},"end":{"line":32,"column":20}},"loc":{"start":{"line":32,"column":31},"end":{"line":57,"column":3}},"line":32},"2":{"name":"(anonymous_2)","decl":{"start":{"line":60,"column":22},"end":{"line":60,"column":23}},"loc":{"start":{"line":60,"column":28},"end":{"line":64,"column":5}},"line":60},"3":{"name":"(anonymous_3)","decl":{"start":{"line":67,"column":34},"end":{"line":67,"column":35}},"loc":{"start":{"line":67,"column":40},"end":{"line":67,"column":44}},"line":67},"4":{"name":"(anonymous_4)","decl":{"start":{"line":68,"column":24},"end":{"line":68,"column":25}},"loc":{"start":{"line":68,"column":40},"end":{"line":70,"column":5}},"line":68},"5":{"name":"(anonymous_5)","decl":{"start":{"line":71,"column":27},"end":{"line":71,"column":28}},"loc":{"start":{"line":71,"column":43},"end":{"line":79,"column":5}},"line":71},"6":{"name":"(anonymous_6)","decl":{"start":{"line":82,"column":24},"end":{"line":82,"column":25}},"loc":{"start":{"line":82,"column":30},"end":{"line":88,"column":3}},"line":82},"7":{"name":"(anonymous_7)","decl":{"start":{"line":90,"column":21},"end":{"line":90,"column":22}},"loc":{"start":{"line":90,"column":33},"end":{"line":130,"column":3}},"line":90},"8":{"name":"(anonymous_8)","decl":{"start":{"line":123,"column":17},"end":{"line":123,"column":18}},"loc":{"start":{"line":123,"column":23},"end":{"line":125,"column":9}},"line":123},"9":{"name":"(anonymous_9)","decl":{"start":{"line":133,"column":20},"end":{"line":133,"column":21}},"loc":{"start":{"line":133,"column":26},"end":{"line":146,"column":3}},"line":133},"10":{"name":"(anonymous_10)","decl":{"start":{"line":142,"column":15},"end":{"line":142,"column":16}},"loc":{"start":{"line":142,"column":21},"end":{"line":144,"column":7}},"line":142},"11":{"name":"(anonymous_11)","decl":{"start":{"line":148,"column":19},"end":{"line":148,"column":20}},"loc":{"start":{"line":148,"column":25},"end":{"line":151,"column":3}},"line":148},"12":{"name":"(anonymous_12)","decl":{"start":{"line":174,"column":19},"end":{"line":174,"column":20}},"loc":{"start":{"line":174,"column":25},"end":{"line":174,"column":55}},"line":174},"13":{"name":"(anonymous_13)","decl":{"start":{"line":182,"column":19},"end":{"line":182,"column":20}},"loc":{"start":{"line":182,"column":25},"end":{"line":182,"column":59}},"line":182},"14":{"name":"(anonymous_14)","decl":{"start":{"line":201,"column":21},"end":{"line":201,"column":22}},"loc":{"start":{"line":201,"column":27},"end":{"line":201,"column":61}},"line":201},"15":{"name":"(anonymous_15)","decl":{"start":{"line":208,"column":21},"end":{"line":208,"column":22}},"loc":{"start":{"line":208,"column":27},"end":{"line":208,"column":57}},"line":208},"16":{"name":"(anonymous_16)","decl":{"start":{"line":240,"column":38},"end":{"line":240,"column":39}},"loc":{"start":{"line":241,"column":16},"end":{"line":243,"column":23}},"line":241},"17":{"name":"(anonymous_17)","decl":{"start":{"line":251,"column":39},"end":{"line":251,"column":40}},"loc":{"start":{"line":252,"column":16},"end":{"line":254,"column":23}},"line":252}},"branchMap":{"0":{"loc":{"start":{"line":36,"column":36},"end":{"line":38,"column":12}},"type":"cond-expr","locations":[{"start":{"line":37,"column":10},"end":{"line":37,"column":33}},{"start":{"line":38,"column":10},"end":{"line":38,"column":12}}],"line":36},"1":{"loc":{"start":{"line":41,"column":6},"end":{"line":44,"column":7}},"type":"if","locations":[{"start":{"line":41,"column":6},"end":{"line":44,"column":7}},{"start":{},"end":{}}],"line":41},"2":{"loc":{"start":{"line":48,"column":37},"end":{"line":50,"column":12}},"type":"cond-expr","locations":[{"start":{"line":49,"column":10},"end":{"line":49,"column":31}},{"start":{"line":50,"column":10},"end":{"line":50,"column":12}}],"line":48},"3":{"loc":{"start":{"line":72,"column":6},"end":{"line":78,"column":7}},"type":"if","locations":[{"start":{"line":72,"column":6},"end":{"line":78,"column":7}},{"start":{"line":74,"column":13},"end":{"line":78,"column":7}}],"line":72},"4":{"loc":{"start":{"line":74,"column":13},"end":{"line":78,"column":7}},"type":"if","locations":[{"start":{"line":74,"column":13},"end":{"line":78,"column":7}},{"start":{"line":76,"column":13},"end":{"line":78,"column":7}}],"line":74},"5":{"loc":{"start":{"line":91,"column":4},"end":{"line":129,"column":5}},"type":"if","locations":[{"start":{"line":91,"column":4},"end":{"line":129,"column":5}},{"start":{},"end":{}}],"line":91},"6":{"loc":{"start":{"line":111,"column":8},"end":{"line":113,"column":9}},"type":"if","locations":[{"start":{"line":111,"column":8},"end":{"line":113,"column":9}},{"start":{},"end":{}}],"line":111},"7":{"loc":{"start":{"line":134,"column":4},"end":{"line":145,"column":5}},"type":"if","locations":[{"start":{"line":134,"column":4},"end":{"line":145,"column":5}},{"start":{},"end":{}}],"line":134},"8":{"loc":{"start":{"line":153,"column":2},"end":{"line":160,"column":3}},"type":"if","locations":[{"start":{"line":153,"column":2},"end":{"line":160,"column":3}},{"start":{},"end":{}}],"line":153},"9":{"loc":{"start":{"line":163,"column":2},"end":{"line":190,"column":3}},"type":"if","locations":[{"start":{"line":163,"column":2},"end":{"line":190,"column":3}},{"start":{},"end":{}}],"line":163}},"s":{"0":1,"1":1,"2":22,"3":21,"4":21,"5":21,"6":21,"7":21,"8":21,"9":21,"10":11,"11":11,"12":9,"13":9,"14":9,"15":7,"16":7,"17":9,"18":6,"19":6,"20":4,"21":10,"22":21,"23":11,"24":21,"25":0,"26":0,"27":0,"28":0,"29":0,"30":0,"31":0,"32":21,"33":0,"34":21,"35":3,"36":3,"37":3,"38":3,"39":3,"40":3,"41":2,"42":2,"43":2,"44":0,"45":0,"46":0,"47":0,"48":0,"49":3,"50":21,"51":2,"52":2,"53":2,"54":2,"55":2,"56":21,"57":2,"58":2,"59":21,"60":11,"61":10,"62":3,"63":0,"64":1,"65":7,"66":7,"67":0,"68":1,"69":4,"70":4,"71":1},"f":{"0":22,"1":11,"2":11,"3":0,"4":0,"5":0,"6":0,"7":3,"8":0,"9":2,"10":2,"11":2,"12":0,"13":1,"14":0,"15":1,"16":4,"17":4},"b":{"0":[9,0],"1":[7,2],"2":[5,1],"3":[0,0],"4":[0,0],"5":[3,0],"6":[2,0],"7":[2,0],"8":[11,10],"9":[3,7]},"_coverageSchema":"1a1c01bbd47fc00a2c39e90264f33305004495a9","hash":"b4be85134ba419c26104acfccaa47eb50da662bd"}
}
