TN:
SF:app\login.tsx
FN:8,LoginScreen
FN:13,(anonymous_1)
FN:43,(anonymous_2)
FN:53,(anonymous_3)
FN:94,(anonymous_4)
FN:107,(anonymous_5)
FNF:6
FNH:3
FNDA:7,LoginScreen
FNDA:2,(anonymous_1)
FNDA:0,(anonymous_2)
FNDA:1,(anonymous_3)
FNDA:0,(anonymous_4)
FNDA:0,(anonymous_5)
DA:9,7
DA:10,7
DA:11,7
DA:13,7
DA:14,2
DA:15,2
DA:16,2
DA:17,2
DA:19,2
DA:27,2
DA:29,2
DA:30,1
DA:31,1
DA:32,1
DA:33,1
DA:34,1
DA:36,1
DA:39,0
DA:43,7
DA:44,0
DA:45,0
DA:46,0
DA:47,0
DA:49,0
DA:53,7
DA:54,1
DA:57,7
DA:94,0
DA:107,0
DA:124,1
LF:30
LH:22
BRDA:29,0,0,1
BRDA:29,0,1,1
BRDA:36,1,0,1
BRDA:36,1,1,0
BRDA:39,2,0,0
BRDA:39,2,1,0
BRDA:49,3,0,0
BRDA:49,3,1,0
BRF:8
BRH:3
end_of_record
TN:
SF:app\register.tsx
FN:8,RegisterScreen
FN:14,(anonymous_1)
FN:19,(anonymous_2)
FN:104,(anonymous_3)
FNF:4
FNH:3
FNDA:12,RegisterScreen
FNDA:3,(anonymous_1)
FNDA:3,(anonymous_2)
FNDA:0,(anonymous_3)
DA:9,12
DA:10,12
DA:11,12
DA:12,12
DA:14,12
DA:15,3
DA:16,3
DA:19,12
DA:20,3
DA:21,0
DA:22,0
DA:25,3
DA:26,1
DA:27,1
DA:30,2
DA:31,1
DA:32,1
DA:35,1
DA:36,1
DA:37,1
DA:38,1
DA:39,1
DA:41,1
DA:49,1
DA:50,1
DA:51,1
DA:52,1
DA:53,1
DA:54,1
DA:56,0
DA:59,0
DA:60,0
DA:64,12
DA:104,0
DA:116,1
LF:35
LH:29
BRDA:20,0,0,0
BRDA:20,0,1,3
BRDA:20,1,0,3
BRDA:20,1,1,3
BRDA:20,1,2,3
BRDA:25,2,0,1
BRDA:25,2,1,2
BRDA:30,3,0,1
BRDA:30,3,1,1
BRDA:51,4,0,1
BRDA:51,4,1,0
BRDA:56,5,0,0
BRDA:56,5,1,0
BRDA:60,6,0,0
BRDA:60,6,1,0
BRF:15
BRH:9
end_of_record
TN:
SF:app\(tabs)\ingredients.tsx
FN:7,(anonymous_0)
FN:162,IngredientsScreen
FN:167,(anonymous_2)
FNF:3
FNH:3
FNDA:4,(anonymous_0)
FNDA:19,IngredientsScreen
FNDA:5,(anonymous_2)
DA:7,1
DA:8,4
DA:10,4
DA:12,4
DA:13,4
DA:16,4
DA:17,2
DA:19,2
DA:69,2
DA:70,2
DA:71,0
DA:72,0
DA:75,2
DA:76,2
DA:79,2
DA:80,2
DA:82,2
DA:84,2
DA:93,2
DA:94,1
DA:95,1
DA:97,0
DA:99,1
DA:103,1
DA:104,1
DA:106,1
DA:109,1
DA:163,19
DA:164,18
DA:165,18
DA:167,18
DA:168,5
DA:169,1
DA:170,1
DA:173,4
DA:174,4
DA:176,4
DA:177,4
DA:179,4
DA:180,0
DA:181,0
DA:185,4
DA:188,4
DA:190,0
DA:191,0
DA:193,4
DA:197,18
DA:247,1
LF:48
LH:41
BRDA:13,0,0,4
BRDA:13,0,1,0
BRDA:16,1,0,2
BRDA:16,1,1,2
BRDA:70,2,0,0
BRDA:70,2,1,2
BRDA:75,3,0,2
BRDA:75,3,1,0
BRDA:75,4,0,2
BRDA:75,4,1,2
BRDA:93,5,0,1
BRDA:93,5,1,1
BRDA:95,6,0,0
BRDA:95,6,1,1
BRDA:95,7,0,1
BRDA:95,7,1,1
BRDA:168,8,0,1
BRDA:168,8,1,4
BRDA:168,9,0,5
BRDA:168,9,1,1
BRDA:176,10,0,4
BRDA:176,10,1,0
BRDA:179,11,0,0
BRDA:179,11,1,4
BRDA:185,12,0,4
BRDA:185,12,1,0
BRDA:232,13,0,4
BRDA:232,13,1,14
BRF:28
BRH:21
end_of_record
TN:
SF:app\(tabs)\mymeals.tsx
FN:16,MyMealsScreen
FN:25,(anonymous_1)
FN:29,(anonymous_2)
FN:32,(anonymous_3)
FN:34,(anonymous_4)
FN:42,(anonymous_5)
FN:57,(anonymous_6)
FN:59,(anonymous_7)
FN:67,(anonymous_8)
FN:102,(anonymous_9)
FN:111,(anonymous_10)
FN:119,(anonymous_11)
FN:129,(anonymous_12)
FN:136,(anonymous_13)
FN:152,(anonymous_14)
FN:165,(anonymous_15)
FN:171,(anonymous_16)
FN:181,(anonymous_17)
FN:186,(anonymous_18)
FNF:19
FNH:12
FNDA:25,MyMealsScreen
FNDA:6,(anonymous_1)
FNDA:11,(anonymous_2)
FNDA:2,(anonymous_3)
FNDA:1,(anonymous_4)
FNDA:6,(anonymous_5)
FNDA:1,(anonymous_6)
FNDA:2,(anonymous_7)
FNDA:0,(anonymous_8)
FNDA:0,(anonymous_9)
FNDA:18,(anonymous_10)
FNDA:18,(anonymous_11)
FNDA:0,(anonymous_12)
FNDA:1,(anonymous_13)
FNDA:1,(anonymous_14)
FNDA:0,(anonymous_15)
FNDA:0,(anonymous_16)
FNDA:0,(anonymous_17)
FNDA:0,(anonymous_18)
DA:17,25
DA:18,24
DA:19,24
DA:20,24
DA:21,24
DA:22,24
DA:23,24
DA:25,24
DA:26,6
DA:29,24
DA:31,11
DA:32,1
DA:33,2
DA:34,1
DA:36,1
DA:38,10
DA:42,24
DA:43,6
DA:44,6
DA:45,6
DA:46,3
DA:47,3
DA:48,3
DA:51,0
DA:53,6
DA:57,24
DA:58,1
DA:59,2
DA:60,1
DA:61,1
DA:63,0
DA:67,24
DA:68,0
DA:69,0
DA:72,24
DA:73,12
DA:83,12
DA:102,0
DA:112,18
DA:120,18
DA:129,0
DA:136,1
DA:152,1
DA:165,0
DA:171,0
DA:182,0
DA:187,0
DA:202,1
LF:48
LH:38
BRDA:31,0,0,1
BRDA:31,0,1,10
BRDA:33,1,0,2
BRDA:33,1,1,1
BRDA:45,2,0,3
BRDA:45,2,1,3
BRDA:72,3,0,12
BRDA:72,3,1,12
BRDA:101,4,0,12
BRDA:101,4,1,12
BRDA:104,5,0,12
BRDA:104,5,1,0
BRDA:105,6,0,12
BRDA:105,6,1,12
BRDA:110,7,0,10
BRDA:110,7,1,2
BRDA:122,8,0,18
BRDA:122,8,1,0
BRDA:148,9,0,0
BRDA:148,9,1,2
BRDA:176,10,0,12
BRDA:176,10,1,0
BRF:22
BRH:18
end_of_record
TN:
SF:app\(tabs)\profile.tsx
FN:14,ProfileScreen
FN:31,(anonymous_1)
FN:57,(anonymous_2)
FN:62,(anonymous_3)
FN:73,(anonymous_4)
FN:74,(anonymous_5)
FN:76,(anonymous_6)
FN:81,(anonymous_7)
FN:153,(anonymous_8)
FN:191,(anonymous_9)
FNF:10
FNH:6
FNDA:19,ProfileScreen
FNDA:8,(anonymous_1)
FNDA:7,(anonymous_2)
FNDA:1,(anonymous_3)
FNDA:0,(anonymous_4)
FNDA:0,(anonymous_5)
FNDA:0,(anonymous_6)
FNDA:1,(anonymous_7)
FNDA:2,(anonymous_8)
FNDA:0,(anonymous_9)
DA:15,19
DA:20,18
DA:23,18
DA:24,18
DA:25,18
DA:26,18
DA:29,18
DA:31,18
DA:32,8
DA:34,8
DA:35,8
DA:36,3
DA:37,3
DA:40,5
DA:41,5
DA:43,0
DA:46,5
DA:50,0
DA:51,0
DA:53,8
DA:57,18
DA:59,7
DA:62,18
DA:63,1
DA:64,1
DA:65,1
DA:66,1
DA:68,0
DA:73,18
DA:74,0
DA:75,0
DA:76,0
DA:81,18
DA:82,1
DA:83,1
DA:89,1
DA:90,1
DA:98,1
DA:99,1
DA:101,0
DA:104,0
DA:106,1
DA:108,1
DA:109,1
DA:112,1
DA:114,0
DA:119,18
DA:120,7
DA:129,11
DA:153,2
DA:191,0
DA:221,1
LF:52
LH:41
BRDA:23,0,0,18
BRDA:23,0,1,11
BRDA:24,1,0,18
BRDA:24,1,1,11
BRDA:35,2,0,3
BRDA:35,2,1,5
BRDA:41,3,0,0
BRDA:41,3,1,5
BRDA:75,4,0,0
BRDA:75,4,1,0
BRDA:98,5,0,1
BRDA:98,5,1,0
BRDA:119,6,0,7
BRDA:119,6,1,11
BRDA:141,7,0,4
BRDA:141,7,1,7
BRDA:145,8,0,7
BRDA:145,8,1,0
BRDA:146,9,0,7
BRDA:146,9,1,0
BRDA:156,10,0,4
BRDA:156,10,1,7
BRDA:160,11,0,11
BRDA:160,11,1,4
BRDA:194,12,0,0
BRDA:194,12,1,4
BRF:26
BRH:19
end_of_record
TN:
SF:app\(tabs)\swipe.tsx
FN:19,SwipeScreen
FN:32,(anonymous_1)
FN:33,(anonymous_2)
FN:47,(anonymous_3)
FN:63,(anonymous_4)
FN:73,(anonymous_5)
FN:74,(anonymous_6)
FN:77,(anonymous_7)
FN:88,(anonymous_8)
FN:96,(anonymous_9)
FN:109,(anonymous_10)
FN:115,(anonymous_11)
FN:125,(anonymous_12)
FN:131,(anonymous_13)
FN:157,(anonymous_14)
FN:165,(anonymous_15)
FN:184,(anonymous_16)
FN:191,(anonymous_17)
FN:223,(anonymous_18)
FN:234,(anonymous_19)
FN:258,(anonymous_20)
FNF:21
FNH:14
FNDA:12,SwipeScreen
FNDA:5,(anonymous_1)
FNDA:5,(anonymous_2)
FNDA:1,(anonymous_3)
FNDA:5,(anonymous_4)
FNDA:0,(anonymous_5)
FNDA:0,(anonymous_6)
FNDA:0,(anonymous_7)
FNDA:0,(anonymous_8)
FNDA:1,(anonymous_9)
FNDA:1,(anonymous_10)
FNDA:1,(anonymous_11)
FNDA:1,(anonymous_12)
FNDA:2,(anonymous_13)
FNDA:0,(anonymous_14)
FNDA:0,(anonymous_15)
FNDA:0,(anonymous_16)
FNDA:1,(anonymous_17)
FNDA:5,(anonymous_18)
FNDA:5,(anonymous_19)
FNDA:1,(anonymous_20)
DA:8,2
DA:9,2
DA:20,12
DA:21,11
DA:22,11
DA:23,11
DA:24,11
DA:25,11
DA:30,11
DA:32,11
DA:33,5
DA:34,5
DA:36,5
DA:37,5
DA:39,5
DA:40,4
DA:44,5
DA:45,1
DA:47,1
DA:48,1
DA:50,0
DA:53,4
DA:56,4
DA:57,4
DA:58,4
DA:61,1
DA:63,5
DA:64,5
DA:69,5
DA:72,11
DA:73,0
DA:75,0
DA:78,0
DA:79,0
DA:80,0
DA:81,0
DA:83,0
DA:88,11
DA:89,0
DA:96,11
DA:97,1
DA:98,1
DA:99,1
DA:100,1
DA:101,1
DA:102,1
DA:103,1
DA:105,1
DA:110,1
DA:115,11
DA:116,1
DA:117,1
DA:118,1
DA:119,1
DA:121,1
DA:126,1
DA:131,11
DA:132,2
DA:133,2
DA:136,11
DA:137,5
DA:146,6
DA:147,1
DA:157,0
DA:165,0
DA:175,5
DA:177,5
DA:184,0
DA:191,1
DA:224,5
DA:235,5
DA:258,1
DA:267,2
LF:73
LH:61
BRDA:39,0,0,4
BRDA:39,0,1,1
BRDA:44,1,0,1
BRDA:44,1,1,4
BRDA:44,2,0,5
BRDA:44,2,1,5
BRDA:57,3,0,4
BRDA:57,3,1,0
BRDA:78,4,0,0
BRDA:78,4,1,0
BRDA:80,5,0,0
BRDA:80,5,1,0
BRDA:97,6,0,1
BRDA:97,6,1,0
BRDA:116,7,0,1
BRDA:116,7,1,0
BRDA:136,8,0,5
BRDA:136,8,1,6
BRDA:146,9,0,1
BRDA:146,9,1,5
BRF:20
BRH:13
end_of_record
