TN:
SF:app\login.tsx
FN:8,LoginScreen
FN:14,(anonymous_1)
FN:35,(anonymous_2)
FN:70,(anonymous_3)
FN:114,(anonymous_4)
FN:130,(anonymous_5)
FN:145,(anonymous_6)
FN:158,(anonymous_7)
FNF:8
FNH:6
FNDA:24,LoginScreen
FNDA:6,(anonymous_1)
FNDA:6,(anonymous_2)
FNDA:1,(anonymous_3)
FNDA:6,(anonymous_4)
FNDA:6,(anonymous_5)
FNDA:0,(anonymous_6)
FNDA:0,(anonymous_7)
DA:9,24
DA:10,24
DA:11,24
DA:12,24
DA:14,24
DA:15,6
DA:18,6
DA:19,1
DA:20,5
DA:21,1
DA:25,6
DA:26,1
DA:27,5
DA:28,0
DA:31,6
DA:32,6
DA:35,24
DA:36,6
DA:37,3
DA:40,3
DA:41,3
DA:42,3
DA:43,3
DA:45,3
DA:53,2
DA:55,2
DA:56,1
DA:57,1
DA:58,1
DA:59,1
DA:60,1
DA:62,1
DA:65,1
DA:66,1
DA:70,24
DA:71,1
DA:72,1
DA:79,1
DA:81,1
DA:82,0
DA:83,0
DA:84,0
DA:85,0
DA:87,1
DA:90,1
DA:92,0
DA:96,24
DA:115,6
DA:116,6
DA:117,0
DA:131,6
DA:132,6
DA:133,0
DA:145,0
DA:158,0
DA:175,1
LF:56
LH:46
BRDA:18,0,0,1
BRDA:18,0,1,5
BRDA:20,1,0,1
BRDA:20,1,1,4
BRDA:25,2,0,1
BRDA:25,2,1,5
BRDA:27,3,0,0
BRDA:27,3,1,5
BRDA:36,4,0,3
BRDA:36,4,1,3
BRDA:55,5,0,1
BRDA:55,5,1,1
BRDA:62,6,0,1
BRDA:62,6,1,0
BRDA:65,7,0,1
BRDA:65,7,1,0
BRDA:81,8,0,0
BRDA:81,8,1,1
BRDA:87,9,0,1
BRDA:87,9,1,0
BRDA:92,10,0,0
BRDA:92,10,1,0
BRDA:111,11,0,2
BRDA:111,11,1,22
BRDA:116,12,0,0
BRDA:116,12,1,6
BRDA:123,13,0,2
BRDA:123,13,1,22
BRDA:126,14,0,1
BRDA:126,14,1,23
BRDA:132,15,0,0
BRDA:132,15,1,6
BRDA:137,16,0,1
BRDA:137,16,1,23
BRF:34
BRH:25
end_of_record
TN:
SF:app\register.tsx
FN:8,RegisterScreen
FN:15,(anonymous_1)
FN:43,(anonymous_2)
FN:96,(anonymous_3)
FN:111,(anonymous_4)
FN:125,(anonymous_5)
FN:140,(anonymous_6)
FNF:7
FNH:6
FNDA:22,RegisterScreen
FNDA:5,(anonymous_1)
FNDA:5,(anonymous_2)
FNDA:4,(anonymous_3)
FNDA:4,(anonymous_4)
FNDA:4,(anonymous_5)
FNDA:0,(anonymous_6)
DA:9,22
DA:10,22
DA:11,22
DA:12,22
DA:13,22
DA:15,22
DA:16,5
DA:19,5
DA:20,1
DA:21,4
DA:22,1
DA:26,5
DA:27,1
DA:28,4
DA:29,1
DA:33,5
DA:34,1
DA:35,4
DA:36,1
DA:39,5
DA:40,5
DA:43,22
DA:44,5
DA:45,4
DA:48,1
DA:49,1
DA:50,1
DA:51,1
DA:52,1
DA:54,1
DA:62,0
DA:63,0
DA:64,0
DA:65,0
DA:66,0
DA:67,0
DA:69,0
DA:72,0
DA:73,0
DA:77,22
DA:97,4
DA:98,4
DA:99,0
DA:112,4
DA:113,4
DA:114,0
DA:126,4
DA:127,4
DA:128,0
DA:140,0
DA:152,1
LF:51
LH:38
BRDA:19,0,0,1
BRDA:19,0,1,4
BRDA:21,1,0,1
BRDA:21,1,1,3
BRDA:26,2,0,1
BRDA:26,2,1,4
BRDA:28,3,0,1
BRDA:28,3,1,3
BRDA:33,4,0,1
BRDA:33,4,1,4
BRDA:35,5,0,1
BRDA:35,5,1,3
BRDA:44,6,0,4
BRDA:44,6,1,1
BRDA:64,7,0,0
BRDA:64,7,1,0
BRDA:69,8,0,0
BRDA:69,8,1,0
BRDA:73,9,0,0
BRDA:73,9,1,0
BRDA:93,10,0,2
BRDA:93,10,1,20
BRDA:98,11,0,0
BRDA:98,11,1,4
BRDA:105,12,0,2
BRDA:105,12,1,20
BRDA:108,13,0,2
BRDA:108,13,1,20
BRDA:113,14,0,0
BRDA:113,14,1,4
BRDA:118,15,0,2
BRDA:118,15,1,20
BRDA:121,16,0,2
BRDA:121,16,1,20
BRDA:127,17,0,0
BRDA:127,17,1,4
BRDA:132,18,0,2
BRDA:132,18,1,20
BRF:38
BRH:29
end_of_record
TN:
SF:app\(tabs)\ingredients.tsx
FN:7,(anonymous_0)
FN:162,IngredientsScreen
FN:169,(anonymous_2)
FNF:3
FNH:3
FNDA:8,(anonymous_0)
FNDA:36,IngredientsScreen
FNDA:10,(anonymous_2)
DA:7,1
DA:8,8
DA:10,8
DA:12,8
DA:13,8
DA:16,8
DA:17,5
DA:19,5
DA:69,3
DA:70,3
DA:71,0
DA:72,0
DA:75,3
DA:76,3
DA:79,3
DA:80,3
DA:82,3
DA:84,3
DA:93,3
DA:94,2
DA:95,2
DA:97,0
DA:99,2
DA:103,1
DA:104,1
DA:106,2
DA:109,2
DA:163,36
DA:164,35
DA:165,35
DA:167,35
DA:169,35
DA:170,10
DA:171,2
DA:172,2
DA:175,8
DA:176,8
DA:178,8
DA:179,8
DA:181,8
DA:182,0
DA:183,0
DA:187,8
DA:190,8
DA:192,0
DA:194,0
DA:196,8
DA:200,35
DA:250,1
LF:49
LH:42
BRDA:13,0,0,8
BRDA:13,0,1,0
BRDA:16,1,0,5
BRDA:16,1,1,3
BRDA:70,2,0,0
BRDA:70,2,1,3
BRDA:75,3,0,3
BRDA:75,3,1,0
BRDA:75,4,0,3
BRDA:75,4,1,3
BRDA:93,5,0,2
BRDA:93,5,1,1
BRDA:95,6,0,0
BRDA:95,6,1,2
BRDA:95,7,0,2
BRDA:95,7,1,2
BRDA:170,8,0,2
BRDA:170,8,1,8
BRDA:170,9,0,10
BRDA:170,9,1,3
BRDA:178,10,0,7
BRDA:178,10,1,1
BRDA:181,11,0,0
BRDA:181,11,1,8
BRDA:187,12,0,8
BRDA:187,12,1,0
BRDA:235,13,0,8
BRDA:235,13,1,27
BRF:28
BRH:22
end_of_record
TN:
SF:app\(tabs)\mymeals.tsx
FN:18,MyMealsScreen
FN:31,(anonymous_1)
FN:36,(anonymous_2)
FN:39,(anonymous_3)
FN:41,(anonymous_4)
FN:50,(anonymous_5)
FN:51,(anonymous_6)
FN:65,(anonymous_7)
FN:66,(anonymous_8)
FN:77,(anonymous_9)
FN:97,(anonymous_10)
FN:134,(anonymous_11)
FN:135,(anonymous_12)
FN:141,(anonymous_13)
FN:143,(anonymous_14)
FN:152,(anonymous_15)
FN:187,(anonymous_16)
FN:196,(anonymous_17)
FN:204,(anonymous_18)
FN:215,(anonymous_19)
FN:224,(anonymous_20)
FN:231,(anonymous_21)
FN:247,(anonymous_22)
FN:260,(anonymous_23)
FN:266,(anonymous_24)
FN:276,(anonymous_25)
FN:281,(anonymous_26)
FNF:27
FNH:19
FNDA:24,MyMealsScreen
FNDA:5,(anonymous_1)
FNDA:11,(anonymous_2)
FNDA:2,(anonymous_3)
FNDA:1,(anonymous_4)
FNDA:5,(anonymous_5)
FNDA:5,(anonymous_6)
FNDA:6,(anonymous_7)
FNDA:6,(anonymous_8)
FNDA:5,(anonymous_9)
FNDA:10,(anonymous_10)
FNDA:1,(anonymous_11)
FNDA:1,(anonymous_12)
FNDA:1,(anonymous_13)
FNDA:2,(anonymous_14)
FNDA:0,(anonymous_15)
FNDA:0,(anonymous_16)
FNDA:24,(anonymous_17)
FNDA:24,(anonymous_18)
FNDA:1,(anonymous_19)
FNDA:0,(anonymous_20)
FNDA:1,(anonymous_21)
FNDA:0,(anonymous_22)
FNDA:0,(anonymous_23)
FNDA:0,(anonymous_24)
FNDA:0,(anonymous_25)
FNDA:0,(anonymous_26)
DA:19,24
DA:20,23
DA:21,23
DA:22,23
DA:23,23
DA:24,23
DA:25,23
DA:26,23
DA:28,23
DA:30,23
DA:32,5
DA:36,23
DA:38,11
DA:39,1
DA:40,2
DA:41,1
DA:43,1
DA:45,10
DA:50,23
DA:51,5
DA:52,5
DA:53,5
DA:54,5
DA:55,0
DA:58,0
DA:62,5
DA:65,23
DA:66,6
DA:67,6
DA:68,6
DA:70,0
DA:74,6
DA:77,23
DA:78,5
DA:79,5
DA:81,5
DA:82,5
DA:84,5
DA:93,5
DA:94,5
DA:95,5
DA:96,5
DA:97,5
DA:98,10
DA:106,5
DA:108,0
DA:109,0
DA:110,0
DA:111,0
DA:115,5
DA:116,5
DA:118,0
DA:120,0
DA:121,0
DA:122,0
DA:123,0
DA:124,0
DA:127,5
DA:132,23
DA:134,23
DA:135,1
DA:141,23
DA:142,1
DA:143,2
DA:144,1
DA:145,1
DA:146,1
DA:148,0
DA:152,23
DA:153,0
DA:154,0
DA:157,23
DA:158,10
DA:168,13
DA:187,0
DA:197,24
DA:205,24
DA:215,1
DA:224,0
DA:231,1
DA:247,0
DA:260,0
DA:266,0
DA:277,0
DA:282,0
DA:297,1
LF:86
LH:63
BRDA:38,0,0,1
BRDA:38,0,1,10
BRDA:40,1,0,2
BRDA:40,1,1,1
BRDA:54,2,0,0
BRDA:54,2,1,5
BRDA:93,3,0,5
BRDA:93,3,1,0
BRDA:96,4,0,5
BRDA:96,4,1,0
BRDA:110,5,0,0
BRDA:110,5,1,0
BRDA:121,6,0,0
BRDA:121,6,1,0
BRDA:157,7,0,10
BRDA:157,7,1,13
BRDA:186,8,0,13
BRDA:186,8,1,13
BRDA:189,9,0,13
BRDA:189,9,1,0
BRDA:190,10,0,13
BRDA:190,10,1,13
BRDA:195,11,0,13
BRDA:195,11,1,0
BRDA:207,12,0,24
BRDA:207,12,1,0
BRDA:214,13,0,24
BRDA:214,13,1,23
BRDA:243,14,0,0
BRDA:243,14,1,0
BRDA:271,15,0,13
BRDA:271,15,1,0
BRF:32
BRH:19
end_of_record
TN:
SF:app\(tabs)\profile.tsx
FN:17,ProfileScreen
FN:39,(anonymous_1)
FN:66,(anonymous_2)
FN:71,(anonymous_3)
FN:81,(anonymous_4)
FN:108,(anonymous_5)
FN:109,(anonymous_6)
FN:111,(anonymous_7)
FN:116,(anonymous_8)
FN:215,(anonymous_9)
FN:254,(anonymous_10)
FN:265,(anonymous_11)
FN:274,(anonymous_12)
FNF:13
FNH:6
FNDA:31,ProfileScreen
FNDA:12,(anonymous_1)
FNDA:9,(anonymous_2)
FNDA:1,(anonymous_3)
FNDA:0,(anonymous_4)
FNDA:0,(anonymous_5)
FNDA:0,(anonymous_6)
FNDA:0,(anonymous_7)
FNDA:3,(anonymous_8)
FNDA:4,(anonymous_9)
FNDA:0,(anonymous_10)
FNDA:0,(anonymous_11)
FNDA:0,(anonymous_12)
DA:18,31
DA:23,30
DA:26,30
DA:27,30
DA:28,30
DA:29,30
DA:32,30
DA:35,30
DA:37,30
DA:39,30
DA:40,12
DA:42,12
DA:43,11
DA:44,5
DA:45,5
DA:48,6
DA:49,6
DA:51,0
DA:54,6
DA:58,1
DA:59,1
DA:60,1
DA:62,12
DA:66,30
DA:68,9
DA:71,30
DA:72,1
DA:73,1
DA:74,1
DA:75,1
DA:77,0
DA:81,30
DA:82,0
DA:83,0
DA:85,0
DA:86,0
DA:87,0
DA:91,0
DA:98,0
DA:99,0
DA:102,0
DA:103,0
DA:108,30
DA:109,0
DA:110,0
DA:111,0
DA:116,30
DA:117,3
DA:118,3
DA:119,3
DA:125,3
DA:126,3
DA:134,3
DA:135,2
DA:137,1
DA:140,1
DA:149,2
DA:150,2
DA:152,3
DA:153,3
DA:156,3
DA:158,0
DA:163,30
DA:164,9
DA:173,21
DA:215,4
DA:254,0
DA:265,0
DA:274,0
DA:308,1
LF:70
LH:51
BRDA:26,0,0,30
BRDA:26,0,1,15
BRDA:27,1,0,30
BRDA:27,1,1,15
BRDA:43,2,0,5
BRDA:43,2,1,6
BRDA:49,3,0,0
BRDA:49,3,1,6
BRDA:85,4,0,0
BRDA:85,4,1,0
BRDA:98,5,0,0
BRDA:98,5,1,0
BRDA:110,6,0,0
BRDA:110,6,1,0
BRDA:134,7,0,2
BRDA:134,7,1,1
BRDA:143,8,0,1
BRDA:143,8,1,0
BRDA:144,9,0,1
BRDA:144,9,1,0
BRDA:145,10,0,1
BRDA:145,10,1,0
BRDA:163,11,0,9
BRDA:163,11,1,21
BRDA:185,12,0,0
BRDA:185,12,1,21
BRDA:202,13,0,6
BRDA:202,13,1,15
BRDA:206,14,0,15
BRDA:206,14,1,0
BRDA:207,15,0,15
BRDA:207,15,1,0
BRDA:218,16,0,10
BRDA:218,16,1,11
BRDA:223,17,0,21
BRDA:223,17,1,10
BRDA:257,18,0,0
BRDA:257,18,1,10
BRDA:268,19,0,0
BRDA:268,19,1,10
BRDA:277,20,0,0
BRDA:277,20,1,10
BRF:42
BRH:26
end_of_record
TN:
SF:app\(tabs)\swipe.tsx
FN:20,SwipeScreen
FN:32,(anonymous_1)
FN:60,(anonymous_2)
FN:67,(anonymous_3)
FN:68,(anonymous_4)
FN:71,(anonymous_5)
FN:82,(anonymous_6)
FN:90,(anonymous_7)
FN:123,(anonymous_8)
FN:133,(anonymous_9)
FN:142,(anonymous_10)
FN:148,(anonymous_11)
FN:174,(anonymous_12)
FN:182,(anonymous_13)
FN:201,(anonymous_14)
FN:208,(anonymous_15)
FN:240,(anonymous_16)
FN:251,(anonymous_17)
FNF:18
FNH:11
FNDA:22,SwipeScreen
FNDA:11,(anonymous_1)
FNDA:11,(anonymous_2)
FNDA:0,(anonymous_3)
FNDA:0,(anonymous_4)
FNDA:0,(anonymous_5)
FNDA:0,(anonymous_6)
FNDA:3,(anonymous_7)
FNDA:0,(anonymous_8)
FNDA:2,(anonymous_9)
FNDA:2,(anonymous_10)
FNDA:2,(anonymous_11)
FNDA:0,(anonymous_12)
FNDA:1,(anonymous_13)
FNDA:0,(anonymous_14)
FNDA:1,(anonymous_15)
FNDA:4,(anonymous_16)
FNDA:4,(anonymous_17)
DA:9,1
DA:10,1
DA:21,22
DA:22,21
DA:23,21
DA:24,21
DA:25,21
DA:26,21
DA:31,21
DA:32,21
DA:33,11
DA:35,11
DA:36,9
DA:40,9
DA:41,9
DA:42,7
DA:43,7
DA:47,9
DA:48,6
DA:51,6
DA:53,4
DA:55,10
DA:59,21
DA:63,11
DA:66,21
DA:67,0
DA:69,0
DA:72,0
DA:73,0
DA:74,0
DA:75,0
DA:77,0
DA:82,21
DA:83,0
DA:90,21
DA:91,3
DA:92,3
DA:93,3
DA:95,3
DA:97,3
DA:99,3
DA:102,2
DA:111,2
DA:112,2
DA:115,0
DA:116,0
DA:117,0
DA:119,0
DA:124,0
DA:127,3
DA:133,21
DA:134,2
DA:135,2
DA:136,2
DA:138,2
DA:143,2
DA:148,21
DA:149,2
DA:150,2
DA:153,21
DA:154,11
DA:163,10
DA:164,3
DA:174,0
DA:182,1
DA:192,7
DA:194,7
DA:201,0
DA:208,1
DA:241,4
DA:252,4
DA:288,1
LF:72
LH:57
BRDA:36,0,0,9
BRDA:36,0,1,0
BRDA:41,1,0,7
BRDA:41,1,1,2
BRDA:48,2,0,5
BRDA:48,2,1,1
BRDA:72,3,0,0
BRDA:72,3,1,0
BRDA:74,4,0,0
BRDA:74,4,1,0
BRDA:91,5,0,3
BRDA:91,5,1,0
BRDA:111,6,0,2
BRDA:111,6,1,0
BRDA:134,7,0,2
BRDA:134,7,1,0
BRDA:153,8,0,11
BRDA:153,8,1,10
BRDA:163,9,0,3
BRDA:163,9,1,7
BRF:20
BRH:12
end_of_record
